This is pdfTeX, Version 3.141592653-2.6-1.40.26 (MiKTeX 24.4) (preloaded format=pdflatex 2024.10.29)  15 NOV 2024 09:08
entering extended mode
 restricted \write18 enabled.
 file:line:error style messages enabled.
 %&-line parsing enabled.
**./doc_steps.tex
(doc_steps.tex
LaTeX2e <2024-06-01> patch level 2
L3 programming layer <2024-10-09>
(C:\Users\maxu2\AppData\Local\Programs\MiKTeX\tex/latex/base\article.cls
Document Class: article 2024/02/08 v1.4n Standard LaTeX document class
(C:\Users\maxu2\AppData\Local\Programs\MiKTeX\tex/latex/base\size11.clo
File: size11.clo 2024/02/08 v1.4n Standard LaTeX file (size option)
)
\c@part=\count194
\c@section=\count195
\c@subsection=\count196
\c@subsubsection=\count197
\c@paragraph=\count198
\c@subparagraph=\count199
\c@figure=\count266
\c@table=\count267
\abovecaptionskip=\skip49
\belowcaptionskip=\skip50
\bibindent=\dimen141
)
(C:\Users\maxu2\AppData\Local\Programs\MiKTeX\tex/latex/amsmath\amsmath.sty
Package: amsmath 2024/05/23 v2.17q AMS math features
\@mathmargin=\skip51

For additional information on amsmath, use the `?' option.
(C:\Users\maxu2\AppData\Local\Programs\MiKTeX\tex/latex/amsmath\amstext.sty
Package: amstext 2021/08/26 v2.01 AMS text

(C:\Users\maxu2\AppData\Local\Programs\MiKTeX\tex/latex/amsmath\amsgen.sty
File: amsgen.sty 1999/11/30 v2.0 generic functions
\@emptytoks=\toks17
\ex@=\dimen142
))
(C:\Users\maxu2\AppData\Local\Programs\MiKTeX\tex/latex/amsmath\amsbsy.sty
Package: amsbsy 1999/11/29 v1.2d Bold Symbols
\pmbraise@=\dimen143
)
(C:\Users\maxu2\AppData\Local\Programs\MiKTeX\tex/latex/amsmath\amsopn.sty
Package: amsopn 2022/04/08 v2.04 operator names
)
\inf@bad=\count268
LaTeX Info: Redefining \frac on input line 233.
\uproot@=\count269
\leftroot@=\count270
LaTeX Info: Redefining \overline on input line 398.
LaTeX Info: Redefining \colon on input line 409.
\classnum@=\count271
\DOTSCASE@=\count272
LaTeX Info: Redefining \ldots on input line 495.
LaTeX Info: Redefining \dots on input line 498.
LaTeX Info: Redefining \cdots on input line 619.
\Mathstrutbox@=\box52
\strutbox@=\box53
LaTeX Info: Redefining \big on input line 721.
LaTeX Info: Redefining \Big on input line 722.
LaTeX Info: Redefining \bigg on input line 723.
LaTeX Info: Redefining \Bigg on input line 724.
\big@size=\dimen144
LaTeX Font Info:    Redeclaring font encoding OML on input line 742.
LaTeX Font Info:    Redeclaring font encoding OMS on input line 743.
\macc@depth=\count273
LaTeX Info: Redefining \bmod on input line 904.
LaTeX Info: Redefining \pmod on input line 909.
LaTeX Info: Redefining \smash on input line 939.
LaTeX Info: Redefining \relbar on input line 969.
LaTeX Info: Redefining \Relbar on input line 970.
\c@MaxMatrixCols=\count274
\dotsspace@=\muskip17
\c@parentequation=\count275
\dspbrk@lvl=\count276
\tag@help=\toks18
\row@=\count277
\column@=\count278
\maxfields@=\count279
\andhelp@=\toks19
\eqnshift@=\dimen145
\alignsep@=\dimen146
\tagshift@=\dimen147
\tagwidth@=\dimen148
\totwidth@=\dimen149
\lineht@=\dimen150
\@envbody=\toks20
\multlinegap=\skip52
\multlinetaggap=\skip53
\mathdisplay@stack=\toks21
LaTeX Info: Redefining \[ on input line 2953.
LaTeX Info: Redefining \] on input line 2954.
)
(C:\Users\maxu2\AppData\Local\Programs\MiKTeX\tex/latex/hyperref\hyperref.sty
Package: hyperref 2024-07-10 v7.01j Hypertext links for LaTeX

(C:\Users\maxu2\AppData\Local\Programs\MiKTeX\tex/generic/iftex\iftex.sty
Package: iftex 2022/02/03 v1.0f TeX engine tests
)
(C:\Users\maxu2\AppData\Local\Programs\MiKTeX\tex/latex/graphics\keyval.sty
Package: keyval 2022/05/29 v1.15 key=value parser (DPC)
\KV@toks@=\toks22
)
(C:\Users\maxu2\AppData\Local\Programs\MiKTeX\tex/latex/kvsetkeys\kvsetkeys.sty
Package: kvsetkeys 2022-10-05 v1.19 Key value parser (HO)
)
(C:\Users\maxu2\AppData\Local\Programs\MiKTeX\tex/generic/kvdefinekeys\kvdefine
keys.sty
Package: kvdefinekeys 2019-12-19 v1.6 Define keys (HO)
)
(C:\Users\maxu2\AppData\Local\Programs\MiKTeX\tex/generic/pdfescape\pdfescape.s
ty
Package: pdfescape 2019/12/09 v1.15 Implements pdfTeX's escape features (HO)

(C:\Users\maxu2\AppData\Local\Programs\MiKTeX\tex/generic/ltxcmds\ltxcmds.sty
Package: ltxcmds 2023-12-04 v1.26 LaTeX kernel commands for general use (HO)
)
(C:\Users\maxu2\AppData\Local\Programs\MiKTeX\tex/generic/pdftexcmds\pdftexcmds
.sty
Package: pdftexcmds 2020-06-27 v0.33 Utility functions of pdfTeX for LuaTeX (HO
)

(C:\Users\maxu2\AppData\Local\Programs\MiKTeX\tex/generic/infwarerr\infwarerr.s
ty
Package: infwarerr 2019/12/03 v1.5 Providing info/warning/error messages (HO)
)
Package pdftexcmds Info: \pdf@primitive is available.
Package pdftexcmds Info: \pdf@ifprimitive is available.
Package pdftexcmds Info: \pdfdraftmode found.
))
(C:\Users\maxu2\AppData\Local\Programs\MiKTeX\tex/latex/hycolor\hycolor.sty
Package: hycolor 2020-01-27 v1.10 Color options for hyperref/bookmark (HO)
)
(C:\Users\maxu2\AppData\Local\Programs\MiKTeX\tex/latex/hyperref\nameref.sty
Package: nameref 2023-11-26 v2.56 Cross-referencing by name of section

(C:\Users\maxu2\AppData\Local\Programs\MiKTeX\tex/latex/refcount\refcount.sty
Package: refcount 2019/12/15 v3.6 Data extraction from label references (HO)
)
(C:\Users\maxu2\AppData\Local\Programs\MiKTeX\tex/generic/gettitlestring\gettit
lestring.sty
Package: gettitlestring 2019/12/15 v1.6 Cleanup title references (HO)

(C:\Users\maxu2\AppData\Local\Programs\MiKTeX\tex/latex/kvoptions\kvoptions.sty
Package: kvoptions 2022-06-15 v3.15 Key value format for package options (HO)
))
\c@section@level=\count280
)
(C:\Users\maxu2\AppData\Local\Programs\MiKTeX\tex/latex/etoolbox\etoolbox.sty
Package: etoolbox 2020/10/05 v2.5k e-TeX tools for LaTeX (JAW)
\etb@tempcnta=\count281
)
(C:\Users\maxu2\AppData\Local\Programs\MiKTeX\tex/generic/stringenc\stringenc.s
ty
Package: stringenc 2019/11/29 v1.12 Convert strings between diff. encodings (HO
)
)
\@linkdim=\dimen151
\Hy@linkcounter=\count282
\Hy@pagecounter=\count283
 (C:\Users\maxu2\AppData\Local\Programs\MiKTeX\tex/latex/hyperref\pd1enc.def
File: pd1enc.def 2024-07-10 v7.01j Hyperref: PDFDocEncoding definition (HO)
Now handling font encoding PD1 ...
... no UTF-8 mapping file for font encoding PD1
) (C:\Users\maxu2\AppData\Local\Programs\MiKTeX\tex/generic/intcalc\intcalc.sty
Package: intcalc 2019/12/15 v1.3 Expandable calculations with integers (HO)
)
\Hy@SavedSpaceFactor=\count284
 (C:\Users\maxu2\AppData\Local\Programs\MiKTeX\tex/latex/hyperref\puenc.def
File: puenc.def 2024-07-10 v7.01j Hyperref: PDF Unicode definition (HO)
Now handling font encoding PU ...
... no UTF-8 mapping file for font encoding PU
)
Package hyperref Info: Hyper figures OFF on input line 4157.
Package hyperref Info: Link nesting OFF on input line 4162.
Package hyperref Info: Hyper index ON on input line 4165.
Package hyperref Info: Plain pages OFF on input line 4172.
Package hyperref Info: Backreferencing OFF on input line 4177.
Package hyperref Info: Implicit mode ON; LaTeX internals redefined.
Package hyperref Info: Bookmarks ON on input line 4424.
\c@Hy@tempcnt=\count285

(C:\Users\maxu2\AppData\Local\Programs\MiKTeX\tex/latex/url\url.sty
\Urlmuskip=\muskip18
Package: url 2013/09/16  ver 3.4  Verb mode for urls, etc.
)
LaTeX Info: Redefining \url on input line 4763.
\XeTeXLinkMargin=\dimen152

(C:\Users\maxu2\AppData\Local\Programs\MiKTeX\tex/generic/bitset\bitset.sty
Package: bitset 2019/12/09 v1.3 Handle bit-vector datatype (HO)

(C:\Users\maxu2\AppData\Local\Programs\MiKTeX\tex/generic/bigintcalc\bigintcalc
.sty
Package: bigintcalc 2019/12/15 v1.5 Expandable calculations on big integers (HO
)
))
\Fld@menulength=\count286
\Field@Width=\dimen153
\Fld@charsize=\dimen154
Package hyperref Info: Hyper figures OFF on input line 6042.
Package hyperref Info: Link nesting OFF on input line 6047.
Package hyperref Info: Hyper index ON on input line 6050.
Package hyperref Info: backreferencing OFF on input line 6057.
Package hyperref Info: Link coloring OFF on input line 6062.
Package hyperref Info: Link coloring with OCG OFF on input line 6067.
Package hyperref Info: PDF/A mode OFF on input line 6072.

(C:\Users\maxu2\AppData\Local\Programs\MiKTeX\tex/latex/base\atbegshi-ltx.sty
Package: atbegshi-ltx 2021/01/10 v1.0c Emulation of the original atbegshi
package with kernel methods
)
\Hy@abspage=\count287
\c@Item=\count288
\c@Hfootnote=\count289
)
Package hyperref Info: Driver (autodetected): hpdftex.
(C:\Users\maxu2\AppData\Local\Programs\MiKTeX\tex/latex/hyperref\hpdftex.def
File: hpdftex.def 2024-07-10 v7.01j Hyperref driver for pdfTeX

(C:\Users\maxu2\AppData\Local\Programs\MiKTeX\tex/latex/base\atveryend-ltx.sty
Package: atveryend-ltx 2020/08/19 v1.0a Emulation of the original atveryend pac
kage
with kernel methods
)
\Fld@listcount=\count290
\c@bookmark@seq@number=\count291

(C:\Users\maxu2\AppData\Local\Programs\MiKTeX\tex/latex/rerunfilecheck\rerunfil
echeck.sty
Package: rerunfilecheck 2022-07-10 v1.10 Rerun checks for auxiliary files (HO)

(C:\Users\maxu2\AppData\Local\Programs\MiKTeX\tex/generic/uniquecounter\uniquec
ounter.sty
Package: uniquecounter 2019/12/15 v1.4 Provide unlimited unique counter (HO)
)
Package uniquecounter Info: New unique counter `rerunfilecheck' on input line 2
85.
)
\Hy@SectionHShift=\skip54
)
(C:\Users\maxu2\AppData\Local\Programs\MiKTeX\tex/latex/l3backend\l3backend-pdf
tex.def
File: l3backend-pdftex.def 2024-05-08 L3 backend support: PDF output (pdfTeX)
\l__color_backend_stack_int=\count292
\l__pdf_internal_box=\box54
) (C:/Projekte\max_ap\ris_dev\auxil\doc_steps.aux)
\openout1 = `doc_steps.aux'.

LaTeX Font Info:    Checking defaults for OML/cmm/m/it on input line 13.
LaTeX Font Info:    ... okay on input line 13.
LaTeX Font Info:    Checking defaults for OMS/cmsy/m/n on input line 13.
LaTeX Font Info:    ... okay on input line 13.
LaTeX Font Info:    Checking defaults for OT1/cmr/m/n on input line 13.
LaTeX Font Info:    ... okay on input line 13.
LaTeX Font Info:    Checking defaults for T1/cmr/m/n on input line 13.
LaTeX Font Info:    ... okay on input line 13.
LaTeX Font Info:    Checking defaults for TS1/cmr/m/n on input line 13.
LaTeX Font Info:    ... okay on input line 13.
LaTeX Font Info:    Checking defaults for OMX/cmex/m/n on input line 13.
LaTeX Font Info:    ... okay on input line 13.
LaTeX Font Info:    Checking defaults for U/cmr/m/n on input line 13.
LaTeX Font Info:    ... okay on input line 13.
LaTeX Font Info:    Checking defaults for PD1/pdf/m/n on input line 13.
LaTeX Font Info:    ... okay on input line 13.
LaTeX Font Info:    Checking defaults for PU/pdf/m/n on input line 13.
LaTeX Font Info:    ... okay on input line 13.
Package hyperref Info: Link coloring OFF on input line 13.

(C:/Projekte\max_ap\ris_dev\auxil\doc_steps.out)
(C:/Projekte\max_ap\ris_dev\auxil\doc_steps.out)
\@outlinefile=\write3
\openout3 = `doc_steps.out'.


doc_steps.tex:15: Illegal parameter number in definition of \GetTitleStringResu
lt.
<to be read again> 
                   P
l.15 .../17/plpython-funcs.html#PLPYTHON-FUNCS}{}}
                                                  
You meant to type ## instead of #, right?
Or maybe a } was forgotten somewhere earlier, and things
are all screwed up? I'm going to assume that you meant ##.

doc_steps.tex:15: Illegal parameter number in definition of \GTS@GlobalString.
<to be read again> 
                   P
l.15 .../17/plpython-funcs.html#PLPYTHON-FUNCS}{}}
                                                  
You meant to type ## instead of #, right?
Or maybe a } was forgotten somewhere earlier, and things
are all screwed up? I'm going to assume that you meant ##.

doc_steps.tex:15: Illegal parameter number in definition of \Hy@tempa.
<to be read again> 
                   P
l.15 .../17/plpython-funcs.html#PLPYTHON-FUNCS}{}}
                                                  
You meant to type ## instead of #, right?
Or maybe a } was forgotten somewhere earlier, and things
are all screwed up? I'm going to assume that you meant ##.

doc_steps.tex:15: Illegal parameter number in definition of \Hy@tempa.
<to be read again> 
                   P
l.15 .../17/plpython-funcs.html#PLPYTHON-FUNCS}{}}
                                                  
You meant to type ## instead of #, right?
Or maybe a } was forgotten somewhere earlier, and things
are all screwed up? I'm going to assume that you meant ##.


Package hyperref Warning: Suppressing empty link on input line 15.


Overfull \hbox (2.93974pt too wide) in paragraph at lines 17--21
\OT1/cmr/m/n/10.95 TION[] syn-tax:  CRE-ATE FUNC-TION \OT1/cmr/m/it/10.95 func-
name \OT1/cmr/m/n/10.95 (\OT1/cmr/m/it/10.95 argument-list\OT1/cmr/m/n/10.95 ) 
RE-TURNS
 []

doc_steps.tex:22: You can't use `macro parameter character #' in display math m
ode.
l.22     #
           PL/Python function body
Sorry, but I'm not programmed to handle this case;
I'll just pretend that you didn't ask for it.
If you're in the wrong mode, you might be able to
return to the right one by typing `I}' or `I$' or `I\par'.

doc_steps.tex:27: Missing $ inserted.
<inserted text> 
                $
l.27     CREATE FUNCTION get_
                             max (num1 integer, num2 integer)
I've inserted a begin-math/end-math symbol since I think
you left one out. Proceed, with fingers crossed.

doc_steps.tex:35: Missing { inserted.
<to be read again> 
                   _
l.35     def __
               plpython_procedure_get_max_23456():
A left brace was mandatory here, so I've put one in.
You might want to delete and/or insert some corrections
so that I will find a matching right brace soon.
(If you're confused by all this, try typing `I}' now.)

doc_steps.tex:40: Missing $ inserted.
<inserted text> 
                $
l.40 
     
I've inserted a begin-math/end-math symbol since I think
you left one out. Proceed, with fingers crossed.

doc_steps.tex:40: Missing } inserted.
<inserted text> 
                }
l.40 
     
I've inserted something that you may have forgotten.
(See the <inserted text> above.)
With luck, this will get me unwedged. But if you
really didn't forget anything, try typing `2' now; then
my insertion and my current dilemma will both disappear.


Overfull \hbox (127.83035pt too wide) in paragraph at lines 26--40
\OT1/cmr/m/n/10.95 fined as: CRE-ATE FUNC-TION get$[]\OML/cmm/m/it/10.95 ax\OT1
/cmr/m/n/10.95 (\OML/cmm/m/it/10.95 num\OT1/cmr/m/n/10.95 1\OML/cmm/m/it/10.95 
integer; num\OT1/cmr/m/n/10.95 2\OML/cmm/m/it/10.95 integer\OT1/cmr/m/n/10.95 )
\OML/cmm/m/it/10.95 RETURNSintegerAS$$ifnum\OT1/cmr/m/n/10.95 1 \OML/cmm/m/it/1
0.95 >
 []


Overfull \hbox (566.46234pt too wide) in paragraph at lines 26--40
\OML/cmm/m/it/10.95 num\OT1/cmr/m/n/10.95 2 : \OML/cmm/m/it/10.95 returnnum\OT1
/cmr/m/n/10.95 1\OML/cmm/m/it/10.95 returnnum\OT1/cmr/m/n/10.95 2$$\OML/cmm/m/i
t/10.95 LANGUAGEplpython\OT1/cmr/m/n/10.95 3\OML/cmm/m/it/10.95 u\OT1/cmr/m/n/1
0.95 ; \OML/cmm/m/it/10.95 ThePythoncodethatisgivenasthebodyofthefunctiondefini
tionistransformedintoaPythonfunction:Forexample; theaboveresultsin \OT1/cmr/m/n
/10.95 :
 []


Overfull \hbox (195.3394pt too wide) in paragraph at lines 26--40
\OML/cmm/m/it/10.95 def[]$ 
 []

doc_steps.tex:42: Missing $ inserted.
<inserted text> 
                $
l.42     CREATE FUNCTION strip_
                               text(input_text text)
I've inserted a begin-math/end-math symbol since I think
you left one out. Proceed, with fingers crossed.

doc_steps.tex:45: You can't use `macro parameter character #' in math mode.
l.45     input_text = input_text.strip()  #
                                            error
Sorry, but I'm not programmed to handle this case;
I'll just pretend that you didn't ask for it.
If you're in the wrong mode, you might be able to
return to the right one by typing `I}' or `I$' or `I\par'.

doc_steps.tex:53: You can't use `macro parameter character #' in math mode.
l.53     input_text = input_text.strip()  #
                                            ok now
Sorry, but I'm not programmed to handle this case;
I'll just pretend that you didn't ask for it.
If you're in the wrong mode, you might be able to
return to the right one by typing `I}' or `I$' or `I\par'.

doc_steps.tex:57: Missing $ inserted.
<inserted text> 
                $
l.57 
     
I've inserted a begin-math/end-math symbol since I think
you left one out. Proceed, with fingers crossed.


Overfull \hbox (743.15227pt too wide) in paragraph at lines 41--57
\OT1/cmr/m/n/10.95 strip$[]\OML/cmm/m/it/10.95 ext\OT1/cmr/m/n/10.95 (\OML/cmm/
m/it/10.95 input[]exttext\OT1/cmr/m/n/10.95 )\OML/cmm/m/it/10.95 RETURNStextAS$
$input[]ext \OT1/cmr/m/n/10.95 = \OML/cmm/m/it/10.95 input[]ext:strip\OT1/cmr/m
/n/10.95 ()\OML/cmm/m/it/10.95 errorreturninput[]ext$$LANGUAGEplpython\OT1/cmr/
m/n/10.95 3\OML/cmm/m/it/10.95 u\OT1/cmr/m/n/10.95 ; \OML/cmm/m/it/10.95 becaus
eassigningtoinput[]extmakesinput[]extalocalvariablefortheentireblock; andsothei
nput[]extontheright \OMS/cmsy/m/n/10.95 ^^@
 []


Overfull \hbox (445.14249pt too wide) in paragraph at lines 41--57
\OML/cmm/m/it/10.95 handsideoftheassignmentreferstoanot \OMS/cmsy/m/n/10.95 ^^@
 \OML/cmm/m/it/10.95 yet \OMS/cmsy/m/n/10.95 ^^@ \OML/cmm/m/it/10.95 assignedlo
calvariableinput[]ext; notthePL=Pythonfunctionparameter:Usingtheglobalstatement
; thiscanbemadetowork \OT1/cmr/m/n/10.95 :
 []


Overfull \hbox (97.98833pt too wide) in paragraph at lines 41--57
\OML/cmm/m/it/10.95 CREATEFUNCTIONstrip[]ext\OT1/cmr/m/n/10.95 (\OML/cmm/m/it/1
0.95 input[]exttext\OT1/cmr/m/n/10.95 )\OML/cmm/m/it/10.95 RETURNStextAS$$globa
linput[]extinput[]ext \OT1/cmr/m/n/10.95 =
 []


Overfull \hbox (528.36801pt too wide) in paragraph at lines 41--57
\OML/cmm/m/it/10.95 input[]ext:strip\OT1/cmr/m/n/10.95 ()\OML/cmm/m/it/10.95 ok
nowreturninput[]ext$$LANGUAGEplpython\OT1/cmr/m/n/10.95 3\OML/cmm/m/it/10.95 u\
OT1/cmr/m/n/10.95 ; \OML/cmm/m/it/10.95 Butitisadvisablenottorelyonthisimplemen
tationdetailofPL=Python:Itisbettertotreatthefunctionparametersasread \OMS/cmsy/
m/n/10.95 ^^@
 []

doc_steps.tex:65: Undefined control sequence.
l.65     notepad "C:\Program
                             Files\PostgreSQL\17\data\postgresql.conf"
The control sequence at the end of the top line
of your error message was never \def'ed. If you have
misspelled it (e.g., `\hobx'), type `I' and the correct
spelling (e.g., `I\hbox'). Otherwise just continue,
and I'll forget about whatever was undefined.

doc_steps.tex:65: Undefined control sequence.
l.65     notepad "C:\Program Files\PostgreSQL
                                             \17\data\postgresql.conf"
The control sequence at the end of the top line
of your error message was never \def'ed. If you have
misspelled it (e.g., `\hobx'), type `I' and the correct
spelling (e.g., `I\hbox'). Otherwise just continue,
and I'll forget about whatever was undefined.

doc_steps.tex:65: Undefined control sequence.
l.65     notepad "C:\Program Files\PostgreSQL\1
                                               7\data\postgresql.conf"
The control sequence at the end of the top line
of your error message was never \def'ed. If you have
misspelled it (e.g., `\hobx'), type `I' and the correct
spelling (e.g., `I\hbox'). Otherwise just continue,
and I'll forget about whatever was undefined.

doc_steps.tex:65: Undefined control sequence.
l.65 ...tepad "C:\Program Files\PostgreSQL\17\data
                                                  \postgresql.conf"
The control sequence at the end of the top line
of your error message was never \def'ed. If you have
misspelled it (e.g., `\hobx'), type `I' and the correct
spelling (e.g., `I\hbox'). Otherwise just continue,
and I'll forget about whatever was undefined.

doc_steps.tex:65: Undefined control sequence.
l.65 ...rogram Files\PostgreSQL\17\data\postgresql
                                                  .conf"
The control sequence at the end of the top line
of your error message was never \def'ed. If you have
misspelled it (e.g., `\hobx'), type `I' and the correct
spelling (e.g., `I\hbox'). Otherwise just continue,
and I'll forget about whatever was undefined.

doc_steps.tex:66: Undefined control sequence.
l.66     notepad "C:\Program
                             Files\PostgreSQL\17\data\pg_hba.conf"
The control sequence at the end of the top line
of your error message was never \def'ed. If you have
misspelled it (e.g., `\hobx'), type `I' and the correct
spelling (e.g., `I\hbox'). Otherwise just continue,
and I'll forget about whatever was undefined.

doc_steps.tex:66: Undefined control sequence.
l.66     notepad "C:\Program Files\PostgreSQL
                                             \17\data\pg_hba.conf"
The control sequence at the end of the top line
of your error message was never \def'ed. If you have
misspelled it (e.g., `\hobx'), type `I' and the correct
spelling (e.g., `I\hbox'). Otherwise just continue,
and I'll forget about whatever was undefined.

doc_steps.tex:66: Undefined control sequence.
l.66     notepad "C:\Program Files\PostgreSQL\1
                                               7\data\pg_hba.conf"
The control sequence at the end of the top line
of your error message was never \def'ed. If you have
misspelled it (e.g., `\hobx'), type `I' and the correct
spelling (e.g., `I\hbox'). Otherwise just continue,
and I'll forget about whatever was undefined.

doc_steps.tex:66: Undefined control sequence.
l.66 ...tepad "C:\Program Files\PostgreSQL\17\data
                                                  \pg_hba.conf"
The control sequence at the end of the top line
of your error message was never \def'ed. If you have
misspelled it (e.g., `\hobx'), type `I' and the correct
spelling (e.g., `I\hbox'). Otherwise just continue,
and I'll forget about whatever was undefined.

doc_steps.tex:66: Undefined control sequence.
l.66 ...ad "C:\Program Files\PostgreSQL\17\data\pg
                                                  _hba.conf"
The control sequence at the end of the top line
of your error message was never \def'ed. If you have
misspelled it (e.g., `\hobx'), type `I' and the correct
spelling (e.g., `I\hbox'). Otherwise just continue,
and I'll forget about whatever was undefined.

doc_steps.tex:66: Missing $ inserted.
<inserted text> 
                $
l.66 ...d "C:\Program Files\PostgreSQL\17\data\pg_
                                                  hba.conf"
I've inserted a begin-math/end-math symbol since I think
you left one out. Proceed, with fingers crossed.

doc_steps.tex:67: Missing $ inserted.
<inserted text> 
                $
l.67 
     
I've inserted a begin-math/end-math symbol since I think
you left one out. Proceed, with fingers crossed.

doc_steps.tex:73: Missing $ inserted.
<inserted text> 
                $
l.73 CREATE USER ris_
                     admin WITH PASSWORD 'ris2016!';
I've inserted a begin-math/end-math symbol since I think
you left one out. Proceed, with fingers crossed.

doc_steps.tex:74: Missing $ inserted.
<inserted text> 
                $
l.74 
     
I've inserted a begin-math/end-math symbol since I think
you left one out. Proceed, with fingers crossed.

doc_steps.tex:90: Undefined control sequence.
l.90     C:\Program
                    Files\PostgreSQL\13\data postgresql.con
The control sequence at the end of the top line
of your error message was never \def'ed. If you have
misspelled it (e.g., `\hobx'), type `I' and the correct
spelling (e.g., `I\hbox'). Otherwise just continue,
and I'll forget about whatever was undefined.

doc_steps.tex:90: Undefined control sequence.
l.90     C:\Program Files\PostgreSQL
                                    \13\data postgresql.con
The control sequence at the end of the top line
of your error message was never \def'ed. If you have
misspelled it (e.g., `\hobx'), type `I' and the correct
spelling (e.g., `I\hbox'). Otherwise just continue,
and I'll forget about whatever was undefined.

doc_steps.tex:90: Undefined control sequence.
l.90     C:\Program Files\PostgreSQL\1
                                      3\data postgresql.con
The control sequence at the end of the top line
of your error message was never \def'ed. If you have
misspelled it (e.g., `\hobx'), type `I' and the correct
spelling (e.g., `I\hbox'). Otherwise just continue,
and I'll forget about whatever was undefined.

doc_steps.tex:90: Undefined control sequence.
l.90     C:\Program Files\PostgreSQL\13\data
                                             postgresql.con
The control sequence at the end of the top line
of your error message was never \def'ed. If you have
misspelled it (e.g., `\hobx'), type `I' and the correct
spelling (e.g., `I\hbox'). Otherwise just continue,
and I'll forget about whatever was undefined.



[1

{C:/Users/maxu2/AppData/Local/MiKTeX/fonts/map/pdftex/pdftex.map}]
(C:/Projekte\max_ap\ris_dev\auxil\doc_steps.aux)
 ***********
LaTeX2e <2024-06-01> patch level 2
L3 programming layer <2024-10-09>
 ***********
Package rerunfilecheck Info: File `doc_steps.out' has not changed.
(rerunfilecheck)             Checksum: D41D8CD98F00B204E9800998ECF8427E;0.
 ) 
Here is how much of TeX's memory you used:
 8305 strings out of 473897
 129214 string characters out of 5726461
 531198 words of memory out of 5000000
 31122 multiletter control sequences out of 15000+600000
 562433 words of font info for 51 fonts, out of 8000000 for 9000
 1141 hyphenation exceptions out of 8191
 75i,5n,79p,749b,437s stack positions out of 10000i,1000n,20000p,200000b,200000s
<C:/Users/maxu2/AppData/Local/Programs/MiKTeX/fonts/type1/public/amsfonts/cm/
cmbx12.pfb><C:/Users/maxu2/AppData/Local/Programs/MiKTeX/fonts/type1/public/ams
fonts/cm/cmmi10.pfb><C:/Users/maxu2/AppData/Local/Programs/MiKTeX/fonts/type1/p
ublic/amsfonts/cm/cmmi6.pfb><C:/Users/maxu2/AppData/Local/Programs/MiKTeX/fonts
/type1/public/amsfonts/cm/cmmi8.pfb><C:/Users/maxu2/AppData/Local/Programs/MiKT
eX/fonts/type1/public/amsfonts/cm/cmr10.pfb><C:/Users/maxu2/AppData/Local/Progr
ams/MiKTeX/fonts/type1/public/amsfonts/cm/cmr6.pfb><C:/Users/maxu2/AppData/Loca
l/Programs/MiKTeX/fonts/type1/public/amsfonts/cm/cmr8.pfb><C:/Users/maxu2/AppDa
ta/Local/Programs/MiKTeX/fonts/type1/public/amsfonts/cm/cmsy10.pfb><C:/Users/ma
xu2/AppData/Local/Programs/MiKTeX/fonts/type1/public/amsfonts/cm/cmsy8.pfb><C:/
Users/maxu2/AppData/Local/Programs/MiKTeX/fonts/type1/public/amsfonts/cm/cmti10
.pfb>
Output written on C:/Projekte\max_ap\ris_dev\out\doc_steps.pdf (1 page, 128812 
bytes).
PDF statistics:
 64 PDF objects out of 1000 (max. 8388607)
 3 named destinations out of 1000 (max. 500000)
 1 words of extra memory for PDF output out of 10000 (max. 10000000)

