This is pdfTeX, Version 3.141592653-2.6-1.40.26 (MiKTeX 24.4) (preloaded format=pdflatex 2024.10.29)  31 DEC 2024 09:03
entering extended mode
 restricted \write18 enabled.
 %&-line parsing enabled.
**./ris-webbackend.tex
(ris-webbackend.tex
LaTeX2e <2024-06-01> patch level 2
L3 programming layer <2024-10-09>
(sphinxmanual.cls
Document Class: sphinxmanual 2019/12/01 v2.3.0 Document class (Sphinx manual)
(C:\Users\maxu2\AppData\Local\Programs\MiKTeX\tex/latex/base\report.cls
Document Class: report 2024/02/08 v1.4n Standard LaTeX document class
(C:\Users\maxu2\AppData\Local\Programs\MiKTeX\tex/latex/base\size10.clo
File: size10.clo 2024/02/08 v1.4n Standard LaTeX file (size option)
)
\c@part=\count194
\c@chapter=\count195
\c@section=\count196
\c@subsection=\count197
\c@subsubsection=\count198
\c@paragraph=\count199
\c@subparagraph=\count266
\c@figure=\count267
\c@table=\count268
\abovecaptionskip=\skip49
\belowcaptionskip=\skip50
\bibindent=\dimen141
)
LaTeX Info: Redefining \and on input line 35.
)
(C:\Users\maxu2\AppData\Local\Programs\MiKTeX\tex/latex/base\inputenc.sty
Package: inputenc 2024/02/08 v1.3d Input encoding file
\inpenc@prehook=\toks17
\inpenc@posthook=\toks18
)
   defining Unicode char U+00A0 (decimal 160)
   defining Unicode char U+2500 (decimal 9472)
   defining Unicode char U+2502 (decimal 9474)
   defining Unicode char U+2514 (decimal 9492)
   defining Unicode char U+251C (decimal 9500)
   defining Unicode char U+2572 (decimal 9586)

(C:\Users\maxu2\AppData\Local\Programs\MiKTeX\tex/latex/cmap\cmap.sty
Package: cmap 2021/02/06 v1.0j CMap support: searchable PDF
)
(C:\Users\maxu2\AppData\Local\Programs\MiKTeX\tex/latex/base\fontenc.sty
Package: fontenc 2021/04/29 v2.0v Standard LaTeX package
<<t1.cmap>>)
(C:\Users\maxu2\AppData\Local\Programs\MiKTeX\tex/latex/amsmath\amsmath.sty
Package: amsmath 2024/05/23 v2.17q AMS math features
\@mathmargin=\skip51

For additional information on amsmath, use the `?' option.
(C:\Users\maxu2\AppData\Local\Programs\MiKTeX\tex/latex/amsmath\amstext.sty
Package: amstext 2021/08/26 v2.01 AMS text

(C:\Users\maxu2\AppData\Local\Programs\MiKTeX\tex/latex/amsmath\amsgen.sty
File: amsgen.sty 1999/11/30 v2.0 generic functions
\@emptytoks=\toks19
\ex@=\dimen142
))
(C:\Users\maxu2\AppData\Local\Programs\MiKTeX\tex/latex/amsmath\amsbsy.sty
Package: amsbsy 1999/11/29 v1.2d Bold Symbols
\pmbraise@=\dimen143
)
(C:\Users\maxu2\AppData\Local\Programs\MiKTeX\tex/latex/amsmath\amsopn.sty
Package: amsopn 2022/04/08 v2.04 operator names
)
\inf@bad=\count269
LaTeX Info: Redefining \frac on input line 233.
\uproot@=\count270
\leftroot@=\count271
LaTeX Info: Redefining \overline on input line 398.
LaTeX Info: Redefining \colon on input line 409.
\classnum@=\count272
\DOTSCASE@=\count273
LaTeX Info: Redefining \ldots on input line 495.
LaTeX Info: Redefining \dots on input line 498.
LaTeX Info: Redefining \cdots on input line 619.
\Mathstrutbox@=\box52
\strutbox@=\box53
LaTeX Info: Redefining \big on input line 721.
LaTeX Info: Redefining \Big on input line 722.
LaTeX Info: Redefining \bigg on input line 723.
LaTeX Info: Redefining \Bigg on input line 724.
\big@size=\dimen144
LaTeX Font Info:    Redeclaring font encoding OML on input line 742.
LaTeX Font Info:    Redeclaring font encoding OMS on input line 743.
\macc@depth=\count274
LaTeX Info: Redefining \bmod on input line 904.
LaTeX Info: Redefining \pmod on input line 909.
LaTeX Info: Redefining \smash on input line 939.
LaTeX Info: Redefining \relbar on input line 969.
LaTeX Info: Redefining \Relbar on input line 970.
\c@MaxMatrixCols=\count275
\dotsspace@=\muskip17
\c@parentequation=\count276
\dspbrk@lvl=\count277
\tag@help=\toks20
\row@=\count278
\column@=\count279
\maxfields@=\count280
\andhelp@=\toks21
\eqnshift@=\dimen145
\alignsep@=\dimen146
\tagshift@=\dimen147
\tagwidth@=\dimen148
\totwidth@=\dimen149
\lineht@=\dimen150
\@envbody=\toks22
\multlinegap=\skip52
\multlinetaggap=\skip53
\mathdisplay@stack=\toks23
LaTeX Info: Redefining \[ on input line 2953.
LaTeX Info: Redefining \] on input line 2954.
)
(C:\Users\maxu2\AppData\Local\Programs\MiKTeX\tex/latex/amsfonts\amssymb.sty
Package: amssymb 2013/01/14 v3.01 AMS font symbols

(C:\Users\maxu2\AppData\Local\Programs\MiKTeX\tex/latex/amsfonts\amsfonts.sty
Package: amsfonts 2013/01/14 v3.01 Basic AMSFonts support
\symAMSa=\mathgroup4
\symAMSb=\mathgroup5
LaTeX Font Info:    Redeclaring math symbol \hbar on input line 98.
LaTeX Font Info:    Overwriting math alphabet `\mathfrak' in version `bold'
(Font)                  U/euf/m/n --> U/euf/b/n on input line 106.
)) (C:\Users\maxu2\AppData\Local\Programs\MiKTeX\tex/generic/babel\babel.sty
Package: babel 2024/10/20 v24.12 The multilingual framework for pdfLaTeX, LuaLa
TeX and XeLaTeX
\babel@savecnt=\count281
\U@D=\dimen151
\l@unhyphenated=\language79

(C:\Users\maxu2\AppData\Local\Programs\MiKTeX\tex/generic/babel\txtbabel.def)
\bbl@readstream=\read2
\bbl@dirlevel=\count282

*************************************
* Local config file bblopts.cfg used
*
(C:\Users\maxu2\AppData\Local\Programs\MiKTeX\tex/latex/arabi\bblopts.cfg
File: bblopts.cfg 2005/09/08 v0.1 add Arabic and Farsi to "declared" options of
 babel
)
(C:\Users\maxu2\AppData\Local\Programs\MiKTeX\tex/latex/babel-english\english.l
df
Language: english 2017/06/06 v3.3r English support from the babel system
Package babel Info: Hyphen rules for 'canadian' set to \l@english
(babel)             (\language0). Reported on input line 102.
Package babel Info: Hyphen rules for 'australian' set to \l@ukenglish
(babel)             (\language73). Reported on input line 105.
Package babel Info: Hyphen rules for 'newzealand' set to \l@ukenglish
(babel)             (\language73). Reported on input line 108.
))
(C:\Users\maxu2\AppData\Local\Programs\MiKTeX\tex/generic/babel/locale/en\babel
-english.tex
Package babel Info: Importing font and identification data for english
(babel)             from babel-en.ini. Reported on input line 11.
)
(C:\Users\maxu2\AppData\Local\Programs\MiKTeX\tex/latex/tex-gyre\tgtermes.sty
Package: tgtermes 2009/09/27 v1.2 TeX Gyre Termes as default roman family

(C:\Users\maxu2\AppData\Local\Programs\MiKTeX\tex/latex/kvoptions\kvoptions.sty
Package: kvoptions 2022-06-15 v3.15 Key value format for package options (HO)
(C:\Users\maxu2\AppData\Local\Programs\MiKTeX\tex/latex/graphics\keyval.sty
Package: keyval 2022/05/29 v1.15 key=value parser (DPC)
\KV@toks@=\toks24
)
(C:\Users\maxu2\AppData\Local\Programs\MiKTeX\tex/generic/ltxcmds\ltxcmds.sty
Package: ltxcmds 2023-12-04 v1.26 LaTeX kernel commands for general use (HO)
)
(C:\Users\maxu2\AppData\Local\Programs\MiKTeX\tex/latex/kvsetkeys\kvsetkeys.sty
Package: kvsetkeys 2022-10-05 v1.19 Key value parser (HO)
)))
(C:\Users\maxu2\AppData\Local\Programs\MiKTeX\tex/latex/tex-gyre\tgheros.sty
Package: tgheros 2009/09/27 v1.2 TeX Gyre Heros as default sans serif family
)
(C:\Users\maxu2\AppData\Local\Programs\MiKTeX\tex/latex/fncychap\fncychap.sty
Package: fncychap 2007/07/30 v1.34 LaTeX package (Revised chapters)
\RW=\skip54
\mylen=\skip55
\myhi=\skip56
\px=\skip57
\py=\skip58
\pyy=\skip59
\pxx=\skip60
\c@AlphaCnt=\count283
\c@AlphaDecCnt=\count284
)
(sphinx.sty
Package: sphinx 2024/10/11 v8.1.1 Sphinx LaTeX package (sphinx-doc)

(C:\Users\maxu2\AppData\Local\Programs\MiKTeX\tex/latex/xcolor\xcolor.sty
Package: xcolor 2024/09/29 v3.02 LaTeX color extensions (UK)

(C:\Users\maxu2\AppData\Local\Programs\MiKTeX\tex/latex/graphics-cfg\color.cfg
File: color.cfg 2016/01/02 v1.6 sample color configuration
)
Package xcolor Info: Driver file: pdftex.def on input line 274.

(C:\Users\maxu2\AppData\Local\Programs\MiKTeX\tex/latex/graphics-def\pdftex.def
File: pdftex.def 2024/04/13 v1.2c Graphics/color driver for pdftex
)
(C:\Users\maxu2\AppData\Local\Programs\MiKTeX\tex/latex/graphics\mathcolor.ltx)
Package xcolor Info: Model `cmy' substituted by `cmy0' on input line 1349.
Package xcolor Info: Model `hsb' substituted by `rgb' on input line 1353.
Package xcolor Info: Model `RGB' extended on input line 1365.
Package xcolor Info: Model `HTML' substituted by `rgb' on input line 1367.
Package xcolor Info: Model `Hsb' substituted by `hsb' on input line 1368.
Package xcolor Info: Model `tHsb' substituted by `hsb' on input line 1369.
Package xcolor Info: Model `HSB' substituted by `hsb' on input line 1370.
Package xcolor Info: Model `Gray' substituted by `gray' on input line 1371.
Package xcolor Info: Model `wave' substituted by `hsb' on input line 1372.
) (sphinxoptionshyperref.sty
Package: sphinxoptionshyperref 2021/01/27 hyperref
) (sphinxoptionsgeometry.sty
Package: sphinxoptionsgeometry 2021/01/27 geometry
)
(C:\Users\maxu2\AppData\Local\Programs\MiKTeX\tex/latex/base\textcomp.sty
Package: textcomp 2024/04/24 v2.1b Standard LaTeX package
)
(C:\Users\maxu2\AppData\Local\Programs\MiKTeX\tex/latex/float\float.sty
Package: float 2001/11/08 v1.3d Float enhancements (AL)
\c@float@type=\count285
\float@exts=\toks25
\float@box=\box54
\@float@everytoks=\toks26
\@floatcapt=\box55
)
(C:\Users\maxu2\AppData\Local\Programs\MiKTeX\tex/latex/wrapfig\wrapfig.sty
\wrapoverhang=\dimen152
\WF@size=\dimen153
\c@WF@wrappedlines=\count286
\WF@box=\box56
\WF@everypar=\toks27
Package: wrapfig 2003/01/31  v 3.6
)
(C:\Users\maxu2\AppData\Local\Programs\MiKTeX\tex/latex/capt-of\capt-of.sty
Package: capt-of 2009/12/29 v0.2 standard captions outside of floats
)
(C:\Users\maxu2\AppData\Local\Programs\MiKTeX\tex/latex/tools\multicol.sty
Package: multicol 2024/05/23 v1.9h multicolumn formatting (FMi)
\c@tracingmulticols=\count287
\mult@box=\box57
\multicol@leftmargin=\dimen154
\c@unbalance=\count288
\c@collectmore=\count289
\doublecol@number=\count290
\multicoltolerance=\count291
\multicolpretolerance=\count292
\full@width=\dimen155
\page@free=\dimen156
\premulticols=\dimen157
\postmulticols=\dimen158
\multicolsep=\skip61
\multicolbaselineskip=\skip62
\partial@page=\box58
\last@line=\box59
\mc@boxedresult=\box60
\maxbalancingoverflow=\dimen159
\mult@rightbox=\box61
\mult@grightbox=\box62
\mult@firstbox=\box63
\mult@gfirstbox=\box64
\@tempa=\box65
\@tempa=\box66
\@tempa=\box67
\@tempa=\box68
\@tempa=\box69
\@tempa=\box70
\@tempa=\box71
\@tempa=\box72
\@tempa=\box73
\@tempa=\box74
\@tempa=\box75
\@tempa=\box76
\@tempa=\box77
\@tempa=\box78
\@tempa=\box79
\@tempa=\box80
\@tempa=\box81
\@tempa=\box82
\@tempa=\box83
\@tempa=\box84
\@tempa=\box85
\@tempa=\box86
\@tempa=\box87
\@tempa=\box88
\@tempa=\box89
\@tempa=\box90
\@tempa=\box91
\@tempa=\box92
\@tempa=\box93
\@tempa=\box94
\@tempa=\box95
\@tempa=\box96
\@tempa=\box97
\@tempa=\box98
\@tempa=\box99
\@tempa=\box100
\c@minrows=\count293
\c@columnbadness=\count294
\c@finalcolumnbadness=\count295
\last@try=\dimen160
\multicolovershoot=\dimen161
\multicolundershoot=\dimen162
\mult@nat@firstbox=\box101
\colbreak@box=\box102
\mc@col@check@num=\count296
)
(C:\Users\maxu2\AppData\Local\Programs\MiKTeX\tex/latex/graphics\graphicx.sty
Package: graphicx 2021/09/16 v1.2d Enhanced LaTeX Graphics (DPC,SPQR)

(C:\Users\maxu2\AppData\Local\Programs\MiKTeX\tex/latex/graphics\graphics.sty
Package: graphics 2024/05/23 v1.4g Standard LaTeX Graphics (DPC,SPQR)

(C:\Users\maxu2\AppData\Local\Programs\MiKTeX\tex/latex/graphics\trig.sty
Package: trig 2023/12/02 v1.11 sin cos tan (DPC)
)
(C:\Users\maxu2\AppData\Local\Programs\MiKTeX\tex/latex/graphics-cfg\graphics.c
fg
File: graphics.cfg 2016/06/04 v1.11 sample graphics configuration
)
Package graphics Info: Driver file: pdftex.def on input line 106.
)
\Gin@req@height=\dimen163
\Gin@req@width=\dimen164
) (sphinxlatexgraphics.sty
Package: sphinxlatexgraphics 2024/08/13 v8.1.0 graphics
\spx@image@maxheight=\dimen165
\spx@image@box=\box103
) (sphinxpackageboxes.sty
Package: sphinxpackageboxes 2024/07/01 v7.4.0 advanced colored boxes

(C:\Users\maxu2\AppData\Local\Programs\MiKTeX\tex/latex/pict2e\pict2e.sty
Package: pict2e 2020/09/30 v0.4b Improved picture commands (HjG,RN,JT)

(C:\Users\maxu2\AppData\Local\Programs\MiKTeX\tex/latex/pict2e\pict2e.cfg
File: pict2e.cfg 2016/02/05 v0.1u pict2e configuration for teTeX/TeXLive
)
Package pict2e Info: Driver file: pdftex.def on input line 112.
Package pict2e Info: Driver file for pict2e: p2e-pdftex.def on input line 114.

(C:\Users\maxu2\AppData\Local\Programs\MiKTeX\tex/latex/pict2e\p2e-pdftex.def
File: p2e-pdftex.def 2016/02/05 v0.1u Driver-dependant file (RN,HjG,JT)
)
\pIIe@GRAPH=\toks28
\@arclen=\dimen166
\@arcrad=\dimen167
\pIIe@tempdima=\dimen168
\pIIe@tempdimb=\dimen169
\pIIe@tempdimc=\dimen170
\pIIe@tempdimd=\dimen171
\pIIe@tempdime=\dimen172
\pIIe@tempdimf=\dimen173
) (C:\Users\maxu2\AppData\Local\Programs\MiKTeX\tex/latex/ellipse\ellipse.sty
Package: ellipse 2004/11/05 v1.0 .dtx ellipse file
)
\@tempdimd=\dimen174
\spx@tempboxa=\box104
\spx@tempboxb=\box105
\spx@boxes@border@top=\dimen175
\spx@boxes@border@right=\dimen176
\spx@boxes@border@bottom=\dimen177
\spx@boxes@border@left=\dimen178
\spx@boxes@padding@top=\dimen179
\spx@boxes@padding@right=\dimen180
\spx@boxes@padding@bottom=\dimen181
\spx@boxes@padding@left=\dimen182
\spx@boxes@shadow@xoffset=\dimen183
\spx@boxes@shadow@yoffset=\dimen184
\spx@boxes@radius@topleft@x=\dimen185
\spx@boxes@radius@topright@x=\dimen186
\spx@boxes@radius@bottomright@x=\dimen187
\spx@boxes@radius@bottomleft@x=\dimen188
\spx@boxes@radius@topleft@y=\dimen189
\spx@boxes@radius@topright@y=\dimen190
\spx@boxes@radius@bottomright@y=\dimen191
\spx@boxes@radius@bottomleft@y=\dimen192
)
(sphinxlatexadmonitions.sty
Package: sphinxlatexadmonitions 2024/10/11 v8.1.1 admonitions

(C:\Users\maxu2\AppData\Local\Programs\MiKTeX\tex/latex/framed\framed.sty
Package: framed 2011/10/22 v 0.96: framed or shaded text with page breaks
\OuterFrameSep=\skip63
\fb@frw=\dimen193
\fb@frh=\dimen194
\FrameRule=\dimen195
\FrameSep=\dimen196
)
(sphinxpackagefootnote.sty
Package: sphinxpackagefootnote 2024/05/17 v7.3.x Sphinx custom footnotehyper pa
ckage (Sphinx team)
\FNH@notes=\box106
\FNH@toks=\toks29
\FNH@width=\dimen197
\c@sphinxfootnotemark=\count297
)
\spx@notice@border=\dimen198
\c@sphinxtodo=\count298
) (sphinxlatexliterals.sty
Package: sphinxlatexliterals 2024/07/01 v7.4.0 code-blocks and parsed literals

(C:\Users\maxu2\AppData\Local\Programs\MiKTeX\tex/latex/fancyvrb\fancyvrb.sty
Package: fancyvrb 2024/01/20 4.5c verbatim text (tvz,hv)
\FV@CodeLineNo=\count299
\FV@InFile=\read3
\FV@TabBox=\box107
\c@FancyVerbLine=\count300
\FV@StepNumber=\count301
\FV@OutFile=\write3
)
(C:\Users\maxu2\AppData\Local\Programs\MiKTeX\tex/latex/base\alltt.sty
Package: alltt 2024/02/08 v2.0g defines alltt environment
)
(C:\Users\maxu2\AppData\Local\Programs\MiKTeX\tex/latex/upquote\upquote.sty
Package: upquote 2012/04/19 v1.3 upright-quote and grave-accent glyphs in verba
tim
)
(C:\Users\maxu2\AppData\Local\Programs\MiKTeX\tex/latex/needspace\needspace.sty
Package: needspace 2010/09/12 v1.3d reserve vertical space
)
\sphinxcontinuationbox=\box108
\sphinxvisiblespacebox=\box109
\sphinxVerbatim@TitleBox=\box110
\sphinxVerbatim@ContentsBox=\box111
) (sphinxlatexshadowbox.sty
Package: sphinxlatexshadowbox 2024/07/28 v8.1.0 sphinxShadowBox
) (sphinxlatexcontainers.sty
Package: sphinxlatexcontainers 2021/05/03 containers
) (sphinxhighlight.sty
Package: sphinxhighlight 2022/06/30 stylesheet for highlighting with pygments
) (sphinxlatextables.sty
Package: sphinxlatextables 2024/07/01 v7.4.0 tables

(C:\Users\maxu2\AppData\Local\Programs\MiKTeX\tex/latex/tabulary\tabulary.sty
Package: tabulary 2024/06/04 v0.11 tabulary package (DPC)

(C:\Users\maxu2\AppData\Local\Programs\MiKTeX\tex/latex/tools\array.sty
Package: array 2024/06/14 v2.6d Tabular extension package (FMi)
\col@sep=\dimen199
\ar@mcellbox=\box112
\extrarowheight=\dimen256
\NC@list=\toks30
\extratabsurround=\skip64
\backup@length=\skip65
\ar@cellbox=\box113
)
\TY@count=\count302
\TY@linewidth=\dimen257
\tymin=\dimen258
\tymax=\dimen259
\TY@tablewidth=\dimen260
)
(C:\Users\maxu2\AppData\Local\Programs\MiKTeX\tex/latex/tools\longtable.sty
Package: longtable 2024-04-26 v4.20 Multi-page Table package (DPC)
\LTleft=\skip66
\LTright=\skip67
\LTpre=\skip68
\LTpost=\skip69
\LTchunksize=\count303
\LTcapwidth=\dimen261
\LT@head=\box114
\LT@firsthead=\box115
\LT@foot=\box116
\LT@lastfoot=\box117
\LT@gbox=\box118
\LT@cols=\count304
\LT@rows=\count305
\c@LT@tables=\count306
\c@LT@chunks=\count307
\LT@p@ftn=\toks31
)
(C:\Users\maxu2\AppData\Local\Programs\MiKTeX\tex/latex/varwidth\varwidth.sty
Package: varwidth 2009/03/30 ver 0.92;  Variable-width minipages
\@vwid@box=\box119
\sift@deathcycles=\count308
\@vwid@loff=\dimen262
\@vwid@roff=\dimen263
)
\sphinx@TY@tablewidth=\dimen264

(C:\Users\maxu2\AppData\Local\Programs\MiKTeX\tex/latex/colortbl\colortbl.sty
Package: colortbl 2024/07/06 v1.0i Color table columns (DPC)
\everycr=\toks32
\minrowclearance=\skip70
\rownum=\count309
)
(C:\Users\maxu2\AppData\Local\Programs\MiKTeX\tex/latex/booktabs\booktabs.sty
Package: booktabs 2020/01/12 v1.61803398 Publication quality tables
\heavyrulewidth=\dimen265
\lightrulewidth=\dimen266
\cmidrulewidth=\dimen267
\belowrulesep=\dimen268
\belowbottomsep=\dimen269
\aboverulesep=\dimen270
\abovetopsep=\dimen271
\cmidrulesep=\dimen272
\cmidrulekern=\dimen273
\defaultaddspace=\dimen274
\@cmidla=\count310
\@cmidlb=\count311
\@aboverulesep=\dimen275
\@belowrulesep=\dimen276
\@thisruleclass=\count312
\@lastruleclass=\count313
\@thisrulewidth=\dimen277
)) (sphinxlatexnumfig.sty
Package: sphinxlatexnumfig 2024/07/31 v8.1.0 numbering
) (sphinxlatexlists.sty
Package: sphinxlatexlists 2021/12/20 lists
\spx@lineitemlabel=\toks33
)
\c@sphinxscope=\count314
 (sphinxlatexindbibtoc.sty
Package: sphinxlatexindbibtoc 2021/01/27 index, bib., toc

(C:\Users\maxu2\AppData\Local\Programs\MiKTeX\tex/latex/base\makeidx.sty
Package: makeidx 2021/10/04 v1.0m Standard LaTeX package
))
(sphinxlatexstylepage.sty
Package: sphinxlatexstylepage 2021/01/27 page styling

(C:\Users\maxu2\AppData\Local\Programs\MiKTeX\tex/latex/parskip\parskip.sty
Package: parskip 2021-03-14 v2.0h non-zero parskip adjustments

(C:\Users\maxu2\AppData\Local\Programs\MiKTeX\tex/latex/etoolbox\etoolbox.sty
Package: etoolbox 2020/10/05 v2.5k e-TeX tools for LaTeX (JAW)
\etb@tempcnta=\count315
)) (C:\Users\maxu2\AppData\Local\Programs\MiKTeX\tex/latex/fancyhdr\fancyhdr.st
y
Package: fancyhdr 2024/07/23 v4.3.1 Extensive control of page headers and foote
rs
\f@nch@headwidth=\skip71
\f@nch@O@elh=\skip72
\f@nch@O@erh=\skip73
\f@nch@O@olh=\skip74
\f@nch@O@orh=\skip75
\f@nch@O@elf=\skip76
\f@nch@O@erf=\skip77
\f@nch@O@olf=\skip78
\f@nch@O@orf=\skip79
)) (sphinxlatexstyleheadings.sty
Package: sphinxlatexstyleheadings 2023/02/11 headings

(C:\Users\maxu2\AppData\Local\Programs\MiKTeX\tex/latex/titlesec\titlesec.sty
Package: titlesec 2023/10/27 v2.16 Sectioning titles
\ttl@box=\box120
\beforetitleunit=\skip80
\aftertitleunit=\skip81
\ttl@plus=\dimen278
\ttl@minus=\dimen279
\ttl@toksa=\toks34
\titlewidth=\dimen280
\titlewidthlast=\dimen281
\titlewidthfirst=\dimen282
)) (sphinxlatexstyletext.sty
Package: sphinxlatexstyletext 2024/07/28 v8.1.0 text styling
) (sphinxlatexobjects.sty
Package: sphinxlatexobjects 2023/07/23 documentation environments
\sphinxsignaturesep=\skip82
\sphinxsignaturelistskip=\skip83
\py@argswidth=\skip84
\lineblockindentation=\skip85
\DUlineblockindent=\skip86
))
(C:\Users\maxu2\AppData\Local\Programs\MiKTeX\tex/latex/geometry\geometry.sty
Package: geometry 2020/01/02 v5.9 Page Geometry

(C:\Users\maxu2\AppData\Local\Programs\MiKTeX\tex/generic/iftex\ifvtex.sty
Package: ifvtex 2019/10/25 v1.7 ifvtex legacy package. Use iftex instead.

(C:\Users\maxu2\AppData\Local\Programs\MiKTeX\tex/generic/iftex\iftex.sty
Package: iftex 2022/02/03 v1.0f TeX engine tests
))
\Gm@cnth=\count316
\Gm@cntv=\count317
\c@Gm@tempcnt=\count318
\Gm@bindingoffset=\dimen283
\Gm@wd@mp=\dimen284
\Gm@odd@mp=\dimen285
\Gm@even@mp=\dimen286
\Gm@layoutwidth=\dimen287
\Gm@layoutheight=\dimen288
\Gm@layouthoffset=\dimen289
\Gm@layoutvoffset=\dimen290
\Gm@dimlist=\toks35

(C:\Users\maxu2\AppData\Local\Programs\MiKTeX\tex/latex/geometry\geometry.cfg))
(C:\Users\maxu2\AppData\Local\Programs\MiKTeX\tex/latex/hyperref\hyperref.sty
Package: hyperref 2024-07-10 v7.01j Hypertext links for LaTeX

(C:\Users\maxu2\AppData\Local\Programs\MiKTeX\tex/generic/kvdefinekeys\kvdefine
keys.sty
Package: kvdefinekeys 2019-12-19 v1.6 Define keys (HO)
)
(C:\Users\maxu2\AppData\Local\Programs\MiKTeX\tex/generic/pdfescape\pdfescape.s
ty
Package: pdfescape 2019/12/09 v1.15 Implements pdfTeX's escape features (HO)

(C:\Users\maxu2\AppData\Local\Programs\MiKTeX\tex/generic/pdftexcmds\pdftexcmds
.sty
Package: pdftexcmds 2020-06-27 v0.33 Utility functions of pdfTeX for LuaTeX (HO
)

(C:\Users\maxu2\AppData\Local\Programs\MiKTeX\tex/generic/infwarerr\infwarerr.s
ty
Package: infwarerr 2019/12/03 v1.5 Providing info/warning/error messages (HO)
)
Package pdftexcmds Info: \pdf@primitive is available.
Package pdftexcmds Info: \pdf@ifprimitive is available.
Package pdftexcmds Info: \pdfdraftmode found.
))
(C:\Users\maxu2\AppData\Local\Programs\MiKTeX\tex/latex/hycolor\hycolor.sty
Package: hycolor 2020-01-27 v1.10 Color options for hyperref/bookmark (HO)
)
(C:\Users\maxu2\AppData\Local\Programs\MiKTeX\tex/latex/hyperref\nameref.sty
Package: nameref 2023-11-26 v2.56 Cross-referencing by name of section

(C:\Users\maxu2\AppData\Local\Programs\MiKTeX\tex/latex/refcount\refcount.sty
Package: refcount 2019/12/15 v3.6 Data extraction from label references (HO)
)
(C:\Users\maxu2\AppData\Local\Programs\MiKTeX\tex/generic/gettitlestring\gettit
lestring.sty
Package: gettitlestring 2019/12/15 v1.6 Cleanup title references (HO)
)
\c@section@level=\count319
)
(C:\Users\maxu2\AppData\Local\Programs\MiKTeX\tex/generic/stringenc\stringenc.s
ty
Package: stringenc 2019/11/29 v1.12 Convert strings between diff. encodings (HO
)
)
\@linkdim=\dimen291
\Hy@linkcounter=\count320
\Hy@pagecounter=\count321
 (C:\Users\maxu2\AppData\Local\Programs\MiKTeX\tex/latex/hyperref\pd1enc.def
File: pd1enc.def 2024-07-10 v7.01j Hyperref: PDFDocEncoding definition (HO)
Now handling font encoding PD1 ...
... no UTF-8 mapping file for font encoding PD1
) (C:\Users\maxu2\AppData\Local\Programs\MiKTeX\tex/generic/intcalc\intcalc.sty
Package: intcalc 2019/12/15 v1.3 Expandable calculations with integers (HO)
)
\Hy@SavedSpaceFactor=\count322
 (C:\Users\maxu2\AppData\Local\Programs\MiKTeX\tex/latex/hyperref\puenc.def
File: puenc.def 2024-07-10 v7.01j Hyperref: PDF Unicode definition (HO)
Now handling font encoding PU ...
... no UTF-8 mapping file for font encoding PU
)
Package hyperref Info: Option `unicode' set `true' on input line 4040.
Package hyperref Info: Option `colorlinks' set `true' on input line 4040.
Package hyperref Info: Option `breaklinks' set `true' on input line 4040.
Package hyperref Info: Hyper figures OFF on input line 4157.
Package hyperref Info: Link nesting OFF on input line 4162.
Package hyperref Info: Hyper index ON on input line 4165.
Package hyperref Info: Plain pages OFF on input line 4172.
Package hyperref Info: Backreferencing OFF on input line 4177.
Package hyperref Info: Implicit mode ON; LaTeX internals redefined.
Package hyperref Info: Bookmarks ON on input line 4424.
\c@Hy@tempcnt=\count323

(C:\Users\maxu2\AppData\Local\Programs\MiKTeX\tex/latex/url\url.sty
\Urlmuskip=\muskip18
Package: url 2013/09/16  ver 3.4  Verb mode for urls, etc.
)
LaTeX Info: Redefining \url on input line 4763.
\XeTeXLinkMargin=\dimen292

(C:\Users\maxu2\AppData\Local\Programs\MiKTeX\tex/generic/bitset\bitset.sty
Package: bitset 2019/12/09 v1.3 Handle bit-vector datatype (HO)

(C:\Users\maxu2\AppData\Local\Programs\MiKTeX\tex/generic/bigintcalc\bigintcalc
.sty
Package: bigintcalc 2019/12/15 v1.5 Expandable calculations on big integers (HO
)
))
\Fld@menulength=\count324
\Field@Width=\dimen293
\Fld@charsize=\dimen294
Package hyperref Info: Hyper figures OFF on input line 6042.
Package hyperref Info: Link nesting OFF on input line 6047.
Package hyperref Info: Hyper index ON on input line 6050.
Package hyperref Info: backreferencing OFF on input line 6057.
Package hyperref Info: Link coloring ON on input line 6060.
Package hyperref Info: Link coloring with OCG OFF on input line 6067.
Package hyperref Info: PDF/A mode OFF on input line 6072.

(C:\Users\maxu2\AppData\Local\Programs\MiKTeX\tex/latex/base\atbegshi-ltx.sty
Package: atbegshi-ltx 2021/01/10 v1.0c Emulation of the original atbegshi
package with kernel methods
)
\Hy@abspage=\count325
\c@Item=\count326
\c@Hfootnote=\count327
)
Package hyperref Info: Driver (autodetected): hpdftex.
(C:\Users\maxu2\AppData\Local\Programs\MiKTeX\tex/latex/hyperref\hpdftex.def
File: hpdftex.def 2024-07-10 v7.01j Hyperref driver for pdfTeX

(C:\Users\maxu2\AppData\Local\Programs\MiKTeX\tex/latex/base\atveryend-ltx.sty
Package: atveryend-ltx 2020/08/19 v1.0a Emulation of the original atveryend pac
kage
with kernel methods
)
\Fld@listcount=\count328
\c@bookmark@seq@number=\count329

(C:\Users\maxu2\AppData\Local\Programs\MiKTeX\tex/latex/rerunfilecheck\rerunfil
echeck.sty
Package: rerunfilecheck 2022-07-10 v1.10 Rerun checks for auxiliary files (HO)

(C:\Users\maxu2\AppData\Local\Programs\MiKTeX\tex/generic/uniquecounter\uniquec
ounter.sty
Package: uniquecounter 2019/12/15 v1.4 Provide unlimited unique counter (HO)
)
Package uniquecounter Info: New unique counter `rerunfilecheck' on input line 2
85.
)
\Hy@SectionHShift=\skip87
)
(C:\Users\maxu2\AppData\Local\Programs\MiKTeX\tex/latex/hypcap\hypcap.sty
Package: hypcap 2024-07-26 v1.13 Adjusting the anchors of captions (HO)

(C:\Users\maxu2\AppData\Local\Programs\MiKTeX\tex/latex/letltxmacro\letltxmacro
.sty
Package: letltxmacro 2019/12/03 v1.6 Let assignment for LaTeX macros (HO)
)) (sphinxmessages.sty
Package: sphinxmessages 2019/01/04 v2.0 Localized LaTeX macros (Sphinx team)
)
\@indexfile=\write4
\openout4 = `ris-webbackend.idx'.


Writing index file ris-webbackend.idx
LaTeX Font Info:    Trying to load font information for T1+qtm on input line 73
.
(C:\Users\maxu2\AppData\Local\Programs\MiKTeX\tex/latex/tex-gyre\t1qtm.fd
File: t1qtm.fd 2009/09/25 v1.2 font definition file for T1/qtm
)
(C:\Users\maxu2\AppData\Local\Programs\MiKTeX\tex/latex/l3backend\l3backend-pdf
tex.def
File: l3backend-pdftex.def 2024-05-08 L3 backend support: PDF output (pdfTeX)
\l__color_backend_stack_int=\count330
\l__pdf_internal_box=\box121
) (ris-webbackend.aux)
\openout1 = `ris-webbackend.aux'.

LaTeX Font Info:    Checking defaults for OML/cmm/m/it on input line 73.
LaTeX Font Info:    ... okay on input line 73.
LaTeX Font Info:    Checking defaults for OMS/cmsy/m/n on input line 73.
LaTeX Font Info:    ... okay on input line 73.
LaTeX Font Info:    Checking defaults for OT1/cmr/m/n on input line 73.
LaTeX Font Info:    ... okay on input line 73.
LaTeX Font Info:    Checking defaults for T1/cmr/m/n on input line 73.
LaTeX Font Info:    ... okay on input line 73.
LaTeX Font Info:    Checking defaults for TS1/cmr/m/n on input line 73.
LaTeX Font Info:    ... okay on input line 73.
LaTeX Font Info:    Checking defaults for OMX/cmex/m/n on input line 73.
LaTeX Font Info:    ... okay on input line 73.
LaTeX Font Info:    Checking defaults for U/cmr/m/n on input line 73.
LaTeX Font Info:    ... okay on input line 73.
LaTeX Font Info:    Checking defaults for PD1/pdf/m/n on input line 73.
LaTeX Font Info:    ... okay on input line 73.
LaTeX Font Info:    Checking defaults for PU/pdf/m/n on input line 73.
LaTeX Font Info:    ... okay on input line 73.

(C:\Users\maxu2\AppData\Local\Programs\MiKTeX\tex/context/base/mkii\supp-pdf.mk
ii
[Loading MPS to PDF converter (version 2006.09.02).]
\scratchcounter=\count331
\scratchdimen=\dimen295
\scratchbox=\box122
\nofMPsegments=\count332
\nofMParguments=\count333
\everyMPshowfont=\toks36
\MPscratchCnt=\count334
\MPscratchDim=\dimen296
\MPnumerator=\count335
\makeMPintoPDFobject=\count336
\everyMPtoPDFconversion=\toks37
)
(C:\Users\maxu2\AppData\Local\Programs\MiKTeX\tex/latex/epstopdf-pkg\epstopdf-b
ase.sty
Package: epstopdf-base 2020-01-24 v2.11 Base part for package epstopdf
Package epstopdf-base Info: Redefining graphics rule for `.eps' on input line 4
85.

(C:\Users\maxu2\AppData\Local\Programs\MiKTeX\tex/latex/00miktex\epstopdf-sys.c
fg
File: epstopdf-sys.cfg 2021/03/18 v2.0 Configuration of epstopdf for MiKTeX
))
(C:\Users\maxu2\AppData\Local\Programs\MiKTeX\tex/latex/fontawesome5\fontawesom
e5.sty
(C:\Users\maxu2\AppData\Local\Programs\MiKTeX\tex/latex/l3kernel\expl3.sty
Package: expl3 2024-10-09 L3 programming layer (loader) 
)
Package: fontawesome5 2022/05/02 v5.15.4 Font Awesome 5

(C:\Users\maxu2\AppData\Local\Programs\MiKTeX\tex/latex/l3packages/l3keys2e\l3k
eys2e.sty
Package: l3keys2e 2024-08-16 LaTeX2e option processing using LaTeX3 keys
)
(C:\Users\maxu2\AppData\Local\Programs\MiKTeX\tex/latex/l3packages/xparse\xpars
e.sty
Package: xparse 2024-08-16 L3 Experimental document command parser
)
(C:\Users\maxu2\AppData\Local\Programs\MiKTeX\tex/latex/fontawesome5\fontawesom
e5-generic-helper.sty
Package: fontawesome5-generic-helper 2022/05/02 v5.15.4 non-uTeX helper for fon
tawesome5

(C:\Users\maxu2\AppData\Local\Programs\MiKTeX\tex/latex/fontawesome5\fontawesom
e5-mapping.def)))
\c@literalblock=\count337

*geometry* driver: auto-detecting
*geometry* detected driver: pdftex
*geometry* verbose mode - [ preamble ] result:
* driver: pdftex
* paper: letterpaper
* layout: <same size as paper>
* layoutoffset:(h,v)=(0.0pt,0.0pt)
* modes: twoside 
* h-part:(L,W,R)=(72.26999pt, 469.75502pt, 72.26999pt)
* v-part:(T,H,B)=(72.26999pt, 650.43001pt, 72.26999pt)
* \paperwidth=614.295pt
* \paperheight=794.96999pt
* \textwidth=469.75502pt
* \textheight=650.43001pt
* \oddsidemargin=0.0pt
* \evensidemargin=0.0pt
* \topmargin=-37.0pt
* \headheight=12.0pt
* \headsep=25.0pt
* \topskip=10.0pt
* \footskip=30.0pt
* \marginparwidth=36.135pt
* \marginparsep=11.0pt
* \columnsep=10.0pt
* \skip\footins=9.0pt plus 4.0pt minus 2.0pt
* \hoffset=0.0pt
* \voffset=0.0pt
* \mag=1000
* \@twocolumnfalse
* \@twosidetrue
* \@mparswitchtrue
* \@reversemarginfalse
* (1in=72.27pt=25.4mm, 1cm=28.453pt)

Package hyperref Info: Link coloring ON on input line 73.
(ris-webbackend.out) (ris-webbackend.out)
\@outlinefile=\write5
\openout5 = `ris-webbackend.out'.

Package hyperref Info: Option `pageanchor' set `false' on input line 81.
LaTeX Font Info:    Trying to load font information for T1+qhv on input line 81
.

(C:\Users\maxu2\AppData\Local\Programs\MiKTeX\tex/latex/tex-gyre\t1qhv.fd
File: t1qhv.fd 2009/09/25 v1.2 font definition file for T1/qhv
)<<ot1.cmap>><<oml.cmap>><<oms.cmap>><<omx.cmap>>
LaTeX Font Info:    Trying to load font information for U+msa on input line 81.


(C:\Users\maxu2\AppData\Local\Programs\MiKTeX\tex/latex/amsfonts\umsa.fd
File: umsa.fd 2013/01/14 v3.01 AMS symbols A
)
LaTeX Font Info:    Trying to load font information for U+msb on input line 81.


(C:\Users\maxu2\AppData\Local\Programs\MiKTeX\tex/latex/amsfonts\umsb.fd
File: umsb.fd 2013/01/14 v3.01 AMS symbols B
)

[1

{C:/Users/maxu2/AppData/Local/MiKTeX/fonts/map/pdftex/pdftex.map}{C:/Users/maxu
2/AppData/Local/Programs/MiKTeX/fonts/enc/dvips/tex-gyre/q-ec.enc}]

[2


] (ris-webbackend.toc)
\tf@toc=\write6
\openout6 = `ris-webbackend.toc'.



[1

]

[2

]
Chapter 1.


[1

]

[2

]
Chapter 2.
LaTeX Font Info:    Trying to load font information for TS1+qtm on input line 9
8.
(C:\Users\maxu2\AppData\Local\Programs\MiKTeX\tex/latex/tex-gyre\ts1qtm.fd
File: ts1qtm.fd 2009/09/25 v1.2 font definition file for TS1/qtm
)
LaTeX Font Info:    Trying to load font information for T1+txtt on input line 1
59.

(C:\Users\maxu2\AppData\Local\Programs\MiKTeX\tex/latex/txfonts\t1txtt.fd
File: t1txtt.fd 2000/12/15 v3.1
)
LaTeX Font Info:    Font shape `T1/txtt/m/it' in size <10> not available
(Font)              Font shape `T1/txtt/m/sl' tried instead on input line 170.


[3{C:/Users/maxu2/AppData/Local/Programs/MiKTeX/fonts/enc/dvips/tex-gyre/q-ts1.
enc}]
LaTeX Font Info:    Font shape `T1/txtt/b/n' in size <10> not available
(Font)              Font shape `T1/txtt/bx/n' tried instead on input line 190.
LaTeX Font Info:    Trying to load font information for TS1+txtt on input line 
191.

(C:\Users\maxu2\AppData\Local\Programs\MiKTeX\tex/latex/txfonts\ts1txtt.fd
File: ts1txtt.fd 2000/12/15 v3.1
)
<plantuml-dc3553158b4f64a4a629ba9ace6a30dcf294e07c.png, id=534, 380.92313pt x 4
20.06938pt>
File: plantuml-dc3553158b4f64a4a629ba9ace6a30dcf294e07c.png Graphic file (type 
png)
<use plantuml-dc3553158b4f64a4a629ba9ace6a30dcf294e07c.png>
Package pdftex.def Info: plantuml-dc3553158b4f64a4a629ba9ace6a30dcf294e07c.png 
 used on input line 243.
(pdftex.def)             Requested size: 380.92218pt x 420.06836pt.


[4]

[5 <./plantuml-dc3553158b4f64a4a629ba9ace6a30dcf294e07c.png (PNG copy)>]

[6]

[7]

[8]

[9]
Underfull \hbox (badness 10000) in paragraph at lines 735--741
[]\T1/qtm/m/n/10 [Ser-vice] User=www-data Group=www-data Work-ingDi-rec-tory=/p
ath/to/your/project Ex-ec-
 []


Underfull \hbox (badness 10000) in paragraph at lines 767--773
\T1/qtm/m/n/10 proxy_pass [][]$http : / / unix : /path / to / your / project . 
sock$[][]; proxy_set_header Host $host;
 []


Underfull \hbox (badness 10000) in paragraph at lines 767--773
\T1/qtm/m/n/10 proxy_set_header X-Real-IP $re-mote_addr; proxy_set_header X-For
warded-For
 []



[10]

[11]
LaTeX Font Info:    Font shape `TS1/txtt/b/n' in size <10> not available
(Font)              Font shape `TS1/txtt/bx/n' tried instead on input line 1.


[12]

[13]
Overfull \hbox (84.69344pt too wide) in paragraph at lines 1139--1139
[]\T1/qtm/m/it/10 name\T1/qtm/m/n/10 , 
 []


Overfull \hbox (106.06839pt too wide) in paragraph at lines 1139--1139
\T1/qtm/m/it/10 app_label\T1/txtt/m/n/10 )|  
 []



[14]
Overfull \vbox (95.17003pt too high) has occurred while \output is active []



[15]
Overfull \hbox (47.94354pt too wide) in paragraph at lines 1215--1215
[]\T1/qtm/m/it/10 name\T1/qtm/m/n/10 , 
 []


Overfull \hbox (69.3185pt too wide) in paragraph at lines 1215--1215
\T1/qtm/m/it/10 app_label\T1/txtt/m/n/10 )|  
 []


Overfull \hbox (47.94354pt too wide) in paragraph at lines 1253--1253
[]\T1/qtm/m/it/10 name\T1/qtm/m/n/10 , 
 []


Overfull \hbox (69.3185pt too wide) in paragraph at lines 1253--1253
\T1/qtm/m/it/10 app_label\T1/txtt/m/n/10 )|  
 []


Overfull \hbox (47.94354pt too wide) in paragraph at lines 1291--1291
[]\T1/qtm/m/it/10 name\T1/qtm/m/n/10 , 
 []


Overfull \hbox (69.3185pt too wide) in paragraph at lines 1291--1291
\T1/qtm/m/it/10 app_label\T1/txtt/m/n/10 )|  
 []



[16]
Overfull \hbox (47.94354pt too wide) in paragraph at lines 1329--1329
[]\T1/qtm/m/it/10 name\T1/qtm/m/n/10 , 
 []


Overfull \hbox (69.3185pt too wide) in paragraph at lines 1329--1329
\T1/qtm/m/it/10 app_label\T1/txtt/m/n/10 )|  
 []


Overfull \hbox (47.94354pt too wide) in paragraph at lines 1367--1367
[]\T1/qtm/m/it/10 name\T1/qtm/m/n/10 , 
 []


Overfull \hbox (69.3185pt too wide) in paragraph at lines 1367--1367
\T1/qtm/m/it/10 app_label\T1/txtt/m/n/10 )|  
 []



[17]
Overfull \hbox (37.44357pt too wide) in paragraph at lines 1443--1443
[]\T1/qtm/m/it/10 name\T1/qtm/m/n/10 , 
 []


Overfull \hbox (58.81853pt too wide) in paragraph at lines 1443--1443
\T1/qtm/m/it/10 app_label\T1/txtt/m/n/10 )|  
 []

LaTeX Font Info:    Trying to load font information for U+fontawesomefree1 on i
nput line 1583.

(C:\Users\maxu2\AppData\Local\Programs\MiKTeX\tex/latex/fontawesome5\ufontaweso
mefree1.fd)

[18{C:/Users/maxu2/AppData/Local/Programs/MiKTeX/fonts/enc/dvips/fontawesome5/f
a5free1.enc}]

[19]

[20]
Underfull \hbox (badness 7722) in paragraph at lines 2115--2118
[]\T1/qtm/m/n/10 Most of the im-ple-men-ta-tion is del-e-gated to a dy-nam-i-ca
lly de-fined man-ager class built by
 []



[21]

[22]

[23]

[24]

[25]

[26]
Underfull \hbox (badness 7722) in paragraph at lines 3108--3111
[]\T1/qtm/m/n/10 Most of the im-ple-men-ta-tion is del-e-gated to a dy-nam-i-ca
lly de-fined man-ager class built by
 []


Underfull \hbox (badness 7722) in paragraph at lines 3189--3192
[]\T1/qtm/m/n/10 Most of the im-ple-men-ta-tion is del-e-gated to a dy-nam-i-ca
lly de-fined man-ager class built by
 []



[27]

[28]

[29]

[30]

[31]
Underfull \hbox (badness 7722) in paragraph at lines 4093--4096
[]\T1/qtm/m/n/10 Most of the im-ple-men-ta-tion is del-e-gated to a dy-nam-i-ca
lly de-fined man-ager class built by
 []



[32]

[33]

[34]

[35]

[36]
Underfull \hbox (badness 7722) in paragraph at lines 4894--4897
[]\T1/qtm/m/n/10 Most of the im-ple-men-ta-tion is del-e-gated to a dy-nam-i-ca
lly de-fined man-ager class built by
 []


Underfull \hbox (badness 7722) in paragraph at lines 4975--4978
[]\T1/qtm/m/n/10 Most of the im-ple-men-ta-tion is del-e-gated to a dy-nam-i-ca
lly de-fined man-ager class built by
 []



[37]

[38]

[39]

[40]

[41]

[42]

[43]

[44]

[45]

[46]

[47]

[48]

[49]

[50]
Underfull \hbox (badness 10000) in paragraph at lines 7297--7303
[]\T1/qtm/m/n/10 URL: /services/web-development/ - Nor-mal-ized path: /services
/web-development/ - View re-ceives:
 []



[51]

[52]
Chapter 3.


[53

]

[54

]
Overfull \hbox (14.1218pt too wide) in paragraph at lines 7543--7544
[]\T1/txtt/m/n/10 pages_app.migrations.0003_block_name_page_name\T1/qtm/m/n/10 
,
 []


Underfull \hbox (badness 10000) in paragraph at lines 7544--7545
[]\T1/txtt/m/n/10 pages_app.migrations.0004_alter_block_name\T1/qtm/m/n/10 ,
 []


Overfull \hbox (213.62122pt too wide) in paragraph at lines 7545--7546
[]\T1/txtt/m/n/10 pages_app.migrations.0005_historicalblock_historicalmenuitem_
historicalpage_and_more\T1/qtm/m/n/10 ,
 []


Overfull \hbox (82.3716pt too wide) in paragraph at lines 7546--7547
[]\T1/txtt/m/n/10 pages_app.migrations.0006_block_image_historicalblock_image\T
1/qtm/m/n/10 ,
 []


Overfull \hbox (176.87132pt too wide) in paragraph at lines 7547--7548
[]\T1/txtt/m/n/10 pages_app.migrations.0007_remove_page_pages_app_p_is_publ_d11
ecf_idx_and_more\T1/qtm/m/n/10 ,
 []


Overfull \hbox (176.87132pt too wide) in paragraph at lines 7548--7549
[]\T1/txtt/m/n/10 pages_app.migrations.0008_remove_page_pages_app_p_publish_9c7
cf5_idx_and_more\T1/qtm/m/n/10 ,
 []


Overfull \hbox (176.87132pt too wide) in paragraph at lines 7549--7550
[]\T1/txtt/m/n/10 pages_app.migrations.0009_remove_page_pages_app_p_is_publ_d11
ecf_idx_and_more\T1/qtm/m/n/10 ,
 []


Overfull \hbox (176.87132pt too wide) in paragraph at lines 7550--7551
[]\T1/txtt/m/n/10 pages_app.migrations.0010_remove_page_pages_app_p_publish_9c7
cf5_idx_and_more\T1/qtm/m/n/10 ,
 []


Overfull \hbox (176.87132pt too wide) in paragraph at lines 7551--7552
[]\T1/txtt/m/n/10 pages_app.migrations.0011_remove_page_pages_app_p_is_publ_d11
ecf_idx_and_more\T1/qtm/m/n/10 ,
 []


Overfull \hbox (92.87157pt too wide) in paragraph at lines 7552--7553
[]\T1/txtt/m/n/10 pages_app.migrations.0012_block_script_historicalblock_script
\T1/qtm/m/n/10 ,
 []


Overfull \hbox (166.37135pt too wide) in paragraph at lines 7553--7554
[]\T1/txtt/m/n/10 pages_app.migrations.0013_remove_block_script_remove_historic
alblock_script\T1/qtm/m/n/10 ,
 []





[55

] (ris-webbackend.ind

[56


]
Overfull \hbox (15.69238pt too wide) in paragraph at lines 13--15
[]\T1/txtt/m/n/10 abstract \T1/qtm/m/n/10 (\T1/qtm/m/it/10 pages_app.models.bas
e.TimestampedModel.Meta
 []


Underfull \hbox (badness 10000) in paragraph at lines 20--22
[]\T1/txtt/m/n/10 block \T1/qtm/m/n/10 (\T1/qtm/m/it/10 pages_app.models.page_b
lock.PageBlock at-
 []


Overfull \hbox (3.29234pt too wide) in paragraph at lines 39--41
[]\T1/txtt/m/n/10 created_at \T1/qtm/m/n/10 (\T1/qtm/m/it/10 pages_app.models.b
ase.TimestampedModel
 []


Underfull \hbox (badness 10000) in paragraph at lines 43--45
[]\T1/txtt/m/n/10 created_at \T1/qtm/m/n/10 (\T1/qtm/m/it/10 pages_app.models.m
enu_item.MenuItem
 []


Overfull \hbox (2.4122pt too wide) in paragraph at lines 51--53
[]\T1/txtt/m/n/10 default_auto_field \T1/qtm/m/n/10 (\T1/qtm/m/it/10 pages_app.
apps.PagesAppConfig
 []




Overfull \hbox (20.4023pt too wide) in paragraph at lines 53--55
[]\T1/txtt/m/n/10 dependencies \T1/qtm/m/n/10 (\T1/qtm/m/it/10 pages_app.migrat
ions.0001_initial.Migration
 []


Overfull \hbox (61.89232pt too wide) in paragraph at lines 55--57
[]\T1/txtt/m/n/10 dependencies \T1/qtm/m/n/10 (\T1/qtm/m/it/10 pages_app.migrat
ions.0002_menuitem_name.Migration
 []


Overfull \hbox (95.17229pt too wide) in paragraph at lines 57--59
[]\T1/txtt/m/n/10 dependencies \T1/qtm/m/n/10 (\T1/qtm/m/it/10 pages_app.migrat
ions.0003_block_name_page_name.Migration
 []


Overfull \hbox (68.2623pt too wide) in paragraph at lines 59--61
[]\T1/txtt/m/n/10 dependencies \T1/qtm/m/n/10 (\T1/qtm/m/it/10 pages_app.migrat
ions.0004_alter_block_name.Migration
 []


Overfull \hbox (245.25223pt too wide) in paragraph at lines 61--63
[]\T1/txtt/m/n/10 dependencies \T1/qtm/m/n/10 (\T1/qtm/m/it/10 pages_app.migrat
ions.0005_historicalblock_historicalmenuitem_historicalpage_and_more.Migration
 []


Overfull \hbox (140.34224pt too wide) in paragraph at lines 63--65
[]\T1/txtt/m/n/10 dependencies \T1/qtm/m/n/10 (\T1/qtm/m/it/10 pages_app.migrat
ions.0006_block_image_historicalblock_image.Migration
 []


Overfull \hbox (235.58224pt too wide) in paragraph at lines 65--67
[]\T1/txtt/m/n/10 dependencies \T1/qtm/m/n/10 (\T1/qtm/m/it/10 pages_app.migrat
ions.0007_remove_page_pages_app_p_is_publ_d11ecf_idx_and_more.Migration
 []


Overfull \hbox (235.58224pt too wide) in paragraph at lines 67--69
[]\T1/txtt/m/n/10 dependencies \T1/qtm/m/n/10 (\T1/qtm/m/it/10 pages_app.migrat
ions.0008_remove_page_pages_app_p_publish_9c7cf5_idx_and_more.Migration
 []


Overfull \hbox (235.58224pt too wide) in paragraph at lines 69--71
[]\T1/txtt/m/n/10 dependencies \T1/qtm/m/n/10 (\T1/qtm/m/it/10 pages_app.migrat
ions.0009_remove_page_pages_app_p_is_publ_d11ecf_idx_and_more.Migration
 []


Overfull \hbox (235.58224pt too wide) in paragraph at lines 71--73
[]\T1/txtt/m/n/10 dependencies \T1/qtm/m/n/10 (\T1/qtm/m/it/10 pages_app.migrat
ions.0010_remove_page_pages_app_p_publish_9c7cf5_idx_and_more.Migration
 []


Overfull \hbox (235.58224pt too wide) in paragraph at lines 73--75
[]\T1/txtt/m/n/10 dependencies \T1/qtm/m/n/10 (\T1/qtm/m/it/10 pages_app.migrat
ions.0011_remove_page_pages_app_p_is_publ_d11ecf_idx_and_more.Migration
 []


Overfull \hbox (137.62227pt too wide) in paragraph at lines 75--77
[]\T1/txtt/m/n/10 dependencies \T1/qtm/m/n/10 (\T1/qtm/m/it/10 pages_app.migrat
ions.0012_block_script_historicalblock_script.Migration
 []


Overfull \hbox (204.88222pt too wide) in paragraph at lines 77--79
[]\T1/txtt/m/n/10 dependencies \T1/qtm/m/n/10 (\T1/qtm/m/it/10 pages_app.migrat
ions.0013_remove_block_script_remove_historicalblock_script.Migration
 []


Underfull \hbox (badness 10000) in paragraph at lines 85--86
[]\T1/txtt/m/n/10 get_image_url() \T1/qtm/m/n/10 (\T1/qtm/m/it/10 pages_app.mod
els.block.Block
 []


Underfull \hbox (badness 10000) in paragraph at lines 86--87
[]\T1/txtt/m/n/10 get_language_display() \T1/qtm/m/n/10 (\T1/qtm/m/it/10 pages_
app.models.Page
 []


Underfull \hbox (badness 10000) in paragraph at lines 87--89
[]\T1/txtt/m/n/10 get_language_display()
 []


Underfull \hbox (badness 10000) in paragraph at lines 89--91
[]\T1/txtt/m/n/10 get_next_by_created_at()
 []


Underfull \hbox (badness 10000) in paragraph at lines 89--91
\T1/qtm/m/n/10 (\T1/qtm/m/it/10 pages_app.models.base.TimestampedModel
 []



[57

]
Underfull \hbox (badness 10000) in paragraph at lines 93--95
[]\T1/txtt/m/n/10 get_next_by_created_at()
 []


Underfull \hbox (badness 10000) in paragraph at lines 93--95
\T1/qtm/m/n/10 (\T1/qtm/m/it/10 pages_app.models.block.Block method\T1/qtm/m/n/
10 ),
 []


Underfull \hbox (badness 10000) in paragraph at lines 95--97
[]\T1/txtt/m/n/10 get_next_by_created_at()
 []


Underfull \hbox (badness 10000) in paragraph at lines 95--97
\T1/qtm/m/n/10 (\T1/qtm/m/it/10 pages_app.models.menu_item.MenuItem
 []


Underfull \hbox (badness 10000) in paragraph at lines 97--99
[]\T1/txtt/m/n/10 get_next_by_created_at()
 []


Underfull \hbox (badness 10000) in paragraph at lines 101--103
[]\T1/txtt/m/n/10 get_next_by_created_at()
 []


Underfull \hbox (badness 10000) in paragraph at lines 103--105
[]\T1/txtt/m/n/10 get_next_by_updated_at()
 []


Underfull \hbox (badness 10000) in paragraph at lines 103--105
\T1/qtm/m/n/10 (\T1/qtm/m/it/10 pages_app.models.base.TimestampedModel
 []


Underfull \hbox (badness 10000) in paragraph at lines 107--109
[]\T1/txtt/m/n/10 get_next_by_updated_at()
 []


Underfull \hbox (badness 10000) in paragraph at lines 107--109
\T1/qtm/m/n/10 (\T1/qtm/m/it/10 pages_app.models.block.Block method\T1/qtm/m/n/
10 ),
 []


Underfull \hbox (badness 10000) in paragraph at lines 109--111
[]\T1/txtt/m/n/10 get_next_by_updated_at()
 []


Underfull \hbox (badness 10000) in paragraph at lines 109--111
\T1/qtm/m/n/10 (\T1/qtm/m/it/10 pages_app.models.menu_item.MenuItem
 []


Underfull \hbox (badness 10000) in paragraph at lines 111--113
[]\T1/txtt/m/n/10 get_next_by_updated_at()
 []


Underfull \hbox (badness 10000) in paragraph at lines 115--117
[]\T1/txtt/m/n/10 get_next_by_updated_at()
 []


Underfull \hbox (badness 10000) in paragraph at lines 119--121
[]\T1/txtt/m/n/10 get_previous_by_created_at()
 []


Underfull \hbox (badness 10000) in paragraph at lines 119--121
\T1/qtm/m/n/10 (\T1/qtm/m/it/10 pages_app.models.base.TimestampedModel
 []


Underfull \hbox (badness 10000) in paragraph at lines 121--123
[]\T1/txtt/m/n/10 get_previous_by_created_at()
 []


Underfull \hbox (badness 10000) in paragraph at lines 123--125
[]\T1/txtt/m/n/10 get_previous_by_created_at()
 []


Underfull \hbox (badness 10000) in paragraph at lines 123--125
\T1/qtm/m/n/10 (\T1/qtm/m/it/10 pages_app.models.block.Block method\T1/qtm/m/n/
10 ),
 []


Underfull \hbox (badness 10000) in paragraph at lines 125--127
[]\T1/txtt/m/n/10 get_previous_by_created_at()
 []


Underfull \hbox (badness 10000) in paragraph at lines 125--127
\T1/qtm/m/n/10 (\T1/qtm/m/it/10 pages_app.models.menu_item.MenuItem
 []


Underfull \hbox (badness 10000) in paragraph at lines 127--129
[]\T1/txtt/m/n/10 get_previous_by_created_at()
 []


Underfull \hbox (badness 10000) in paragraph at lines 129--131
[]\T1/txtt/m/n/10 get_previous_by_created_at()
 []


Underfull \hbox (badness 10000) in paragraph at lines 131--133
[]\T1/txtt/m/n/10 get_previous_by_created_at()
 []


Underfull \hbox (badness 10000) in paragraph at lines 133--135
[]\T1/txtt/m/n/10 get_previous_by_updated_at()
 []


Underfull \hbox (badness 10000) in paragraph at lines 133--135
\T1/qtm/m/n/10 (\T1/qtm/m/it/10 pages_app.models.base.TimestampedModel
 []




Underfull \hbox (badness 10000) in paragraph at lines 135--137
[]\T1/txtt/m/n/10 get_previous_by_updated_at()
 []


Underfull \hbox (badness 10000) in paragraph at lines 137--139
[]\T1/txtt/m/n/10 get_previous_by_updated_at()
 []


Underfull \hbox (badness 10000) in paragraph at lines 137--139
\T1/qtm/m/n/10 (\T1/qtm/m/it/10 pages_app.models.block.Block method\T1/qtm/m/n/
10 ),
 []


Underfull \hbox (badness 10000) in paragraph at lines 139--141
[]\T1/txtt/m/n/10 get_previous_by_updated_at()
 []


Underfull \hbox (badness 10000) in paragraph at lines 139--141
\T1/qtm/m/n/10 (\T1/qtm/m/it/10 pages_app.models.menu_item.MenuItem
 []


Underfull \hbox (badness 10000) in paragraph at lines 141--143
[]\T1/txtt/m/n/10 get_previous_by_updated_at()
 []


Underfull \hbox (badness 10000) in paragraph at lines 143--145
[]\T1/txtt/m/n/10 get_previous_by_updated_at()
 []


Underfull \hbox (badness 10000) in paragraph at lines 145--147
[]\T1/txtt/m/n/10 get_previous_by_updated_at()
 []


Underfull \hbox (badness 8170) in paragraph at lines 152--154
[]\T1/txtt/m/n/10 history \T1/qtm/m/n/10 (\T1/qtm/m/it/10 pages_app.models.menu
_item.MenuItem at-
 []


Underfull \hbox (badness 10000) in paragraph at lines 160--162
[]\T1/txtt/m/n/10 history_list_display
 []


Underfull \hbox (badness 10000) in paragraph at lines 160--162
\T1/qtm/m/n/10 (\T1/qtm/m/it/10 pages_app.admin.BlockAdmin at-tribute\T1/qtm/m/
n/10 ),
 []


Underfull \hbox (badness 10000) in paragraph at lines 162--164
[]\T1/txtt/m/n/10 history_list_display
 []


Underfull \hbox (badness 10000) in paragraph at lines 166--168
[]\T1/txtt/m/n/10 history_list_display
 []


Underfull \hbox (badness 6461) in paragraph at lines 182--184
[]\T1/txtt/m/n/10 initial \T1/qtm/m/n/10 (\T1/qtm/m/it/10 pages_app.migrations.
0001_initial.Migration
 []



[58]
Underfull \hbox (badness 10000) in paragraph at lines 184--186
[]\T1/txtt/m/n/10 invalidate_cache() \T1/qtm/m/n/10 (\T1/qtm/m/it/10 in mod-ule

 []


Underfull \hbox (badness 5288) in paragraph at lines 195--197
[]\T1/txtt/m/n/10 LANGUAGE_CHOICES \T1/qtm/m/n/10 (\T1/qtm/m/it/10 pages_app.mo
dels.page.Page at-
 []


Underfull \hbox (badness 10000) in paragraph at lines 197--198
[]\T1/txtt/m/n/10 list_display \T1/qtm/m/n/10 (\T1/qtm/m/it/10 pages_app.admin.
BlockAdmin at-
 []


Underfull \hbox (badness 10000) in paragraph at lines 202--203
[]\T1/txtt/m/n/10 list_filter \T1/qtm/m/n/10 (\T1/qtm/m/it/10 pages_app.admin.P
ageBlockAdmin
 []


Underfull \hbox (badness 10000) in paragraph at lines 217--219
[]\T1/txtt/m/n/10 MenuItemModelTest \T1/qtm/m/n/10 (\T1/qtm/m/it/10 class in
 []


Underfull \hbox (badness 10000) in paragraph at lines 219--220
[]\T1/txtt/m/n/10 meta_description \T1/qtm/m/n/10 (\T1/qtm/m/it/10 in mod-ule
 []


Underfull \hbox (badness 5288) in paragraph at lines 222--224
[]\T1/txtt/m/n/10 meta_description \T1/qtm/m/n/10 (\T1/qtm/m/it/10 pages_app.mo
dels.page.Page at-
 []


Underfull \hbox (badness 10000) in paragraph at lines 227--229
[]\T1/txtt/m/n/10 meta_keywords \T1/qtm/m/n/10 (\T1/qtm/m/it/10 pages_app.model
s.page.Page at-
 []




Overfull \hbox (40.48236pt too wide) in paragraph at lines 230--232
[]\T1/txtt/m/n/10 Migration \T1/qtm/m/n/10 (\T1/qtm/m/it/10 class in pages_app.
migrations.0002_menuitem_name\T1/qtm/m/n/10 ),
 []


Overfull \hbox (73.76233pt too wide) in paragraph at lines 232--234
[]\T1/txtt/m/n/10 Migration \T1/qtm/m/n/10 (\T1/qtm/m/it/10 class in pages_app.
migrations.0003_block_name_page_name\T1/qtm/m/n/10 ),
 []


Overfull \hbox (46.85234pt too wide) in paragraph at lines 234--236
[]\T1/txtt/m/n/10 Migration \T1/qtm/m/n/10 (\T1/qtm/m/it/10 class in pages_app.
migrations.0004_alter_block_name\T1/qtm/m/n/10 ),
 []


Overfull \hbox (223.84227pt too wide) in paragraph at lines 236--238
[]\T1/txtt/m/n/10 Migration \T1/qtm/m/n/10 (\T1/qtm/m/it/10 class in pages_app.
migrations.0005_historicalblock_historicalmenuitem_historicalpage_and_more\T1/q
tm/m/n/10 ),
 []


Overfull \hbox (118.93228pt too wide) in paragraph at lines 238--240
[]\T1/txtt/m/n/10 Migration \T1/qtm/m/n/10 (\T1/qtm/m/it/10 class in pages_app.
migrations.0006_block_image_historicalblock_image\T1/qtm/m/n/10 ),
 []


Overfull \hbox (214.17229pt too wide) in paragraph at lines 240--242
[]\T1/txtt/m/n/10 Migration \T1/qtm/m/n/10 (\T1/qtm/m/it/10 class in pages_app.
migrations.0007_remove_page_pages_app_p_is_publ_d11ecf_idx_and_more\T1/qtm/m/n/
10 ),
 []


Overfull \hbox (214.17229pt too wide) in paragraph at lines 242--244
[]\T1/txtt/m/n/10 Migration \T1/qtm/m/n/10 (\T1/qtm/m/it/10 class in pages_app.
migrations.0008_remove_page_pages_app_p_publish_9c7cf5_idx_and_more\T1/qtm/m/n/
10 ),
 []


Overfull \hbox (214.17229pt too wide) in paragraph at lines 244--246
[]\T1/txtt/m/n/10 Migration \T1/qtm/m/n/10 (\T1/qtm/m/it/10 class in pages_app.
migrations.0009_remove_page_pages_app_p_is_publ_d11ecf_idx_and_more\T1/qtm/m/n/
10 ),
 []


Overfull \hbox (214.17229pt too wide) in paragraph at lines 246--248
[]\T1/txtt/m/n/10 Migration \T1/qtm/m/n/10 (\T1/qtm/m/it/10 class in pages_app.
migrations.0010_remove_page_pages_app_p_publish_9c7cf5_idx_and_more\T1/qtm/m/n/
10 ),
 []


Overfull \hbox (214.17229pt too wide) in paragraph at lines 248--250
[]\T1/txtt/m/n/10 Migration \T1/qtm/m/n/10 (\T1/qtm/m/it/10 class in pages_app.
migrations.0011_remove_page_pages_app_p_is_publ_d11ecf_idx_and_more\T1/qtm/m/n/
10 ),
 []


Overfull \hbox (116.6723pt too wide) in paragraph at lines 250--252
[]\T1/txtt/m/n/10 Migration \T1/qtm/m/n/10 (\T1/qtm/m/it/10 class in pages_app.
migrations.0012_block_script_historicalblock_script\T1/qtm/m/n/10 ),
 []


Overfull \hbox (183.93225pt too wide) in paragraph at lines 252--254
[]\T1/txtt/m/n/10 Migration \T1/qtm/m/n/10 (\T1/qtm/m/it/10 class in pages_app.
migrations.0013_remove_block_script_remove_historicalblock_script\T1/qtm/m/n/10
 ),
 []


Underfull \hbox (badness 10000) in paragraph at lines 260--261
[]| \T1/txtt/m/n/10 pages_app.migrations.0002_menuitem_name\T1/qtm/m/n/10 ,
 []


Overfull \hbox (34.1218pt too wide) in paragraph at lines 261--262
[]| \T1/txtt/m/n/10 pages_app.migrations.0003_block_name_page_name\T1/qtm/m/n/1
0 ,
 []


Overfull \hbox (13.12186pt too wide) in paragraph at lines 262--263
[]| \T1/txtt/m/n/10 pages_app.migrations.0004_alter_block_name\T1/qtm/m/n/10 ,
 []


Overfull \hbox (233.62122pt too wide) in paragraph at lines 263--265
[]| \T1/txtt/m/n/10 pages_app.migrations.0005_historicalblock_historicalmenuite
m_historicalpage_and_more\T1/qtm/m/n/10 ,
 []


Overfull \hbox (102.3716pt too wide) in paragraph at lines 265--267
[]| \T1/txtt/m/n/10 pages_app.migrations.0006_block_image_historicalblock_image
\T1/qtm/m/n/10 ,
 []


Overfull \hbox (196.87132pt too wide) in paragraph at lines 267--269
[]| \T1/txtt/m/n/10 pages_app.migrations.0007_remove_page_pages_app_p_is_publ_d
11ecf_idx_and_more\T1/qtm/m/n/10 ,
 []


Overfull \hbox (196.87132pt too wide) in paragraph at lines 269--271
[]| \T1/txtt/m/n/10 pages_app.migrations.0008_remove_page_pages_app_p_publish_9
c7cf5_idx_and_more\T1/qtm/m/n/10 ,
 []


Overfull \hbox (196.87132pt too wide) in paragraph at lines 271--273
[]| \T1/txtt/m/n/10 pages_app.migrations.0009_remove_page_pages_app_p_is_publ_d
11ecf_idx_and_more\T1/qtm/m/n/10 ,
 []


Overfull \hbox (196.87132pt too wide) in paragraph at lines 273--275
[]| \T1/txtt/m/n/10 pages_app.migrations.0010_remove_page_pages_app_p_publish_9
c7cf5_idx_and_more\T1/qtm/m/n/10 ,
 []


Overfull \hbox (196.87132pt too wide) in paragraph at lines 275--277
[]| \T1/txtt/m/n/10 pages_app.migrations.0011_remove_page_pages_app_p_is_publ_d
11ecf_idx_and_more\T1/qtm/m/n/10 ,
 []


Overfull \hbox (112.87157pt too wide) in paragraph at lines 277--279
[]| \T1/txtt/m/n/10 pages_app.migrations.0012_block_script_historicalblock_scri
pt\T1/qtm/m/n/10 ,
 []


Overfull \hbox (186.37135pt too wide) in paragraph at lines 279--281
[]| \T1/txtt/m/n/10 pages_app.migrations.0013_remove_block_script_remove_histor
icalblock_script\T1/qtm/m/n/10 ,
 []



[59]
Underfull \hbox (badness 10000) in paragraph at lines 304--306
[]\T1/txtt/m/n/10 name \T1/qtm/m/n/10 (\T1/qtm/m/it/10 pages_app.models.menu_it
em.MenuItem at-
 []


Underfull \hbox (badness 8170) in paragraph at lines 315--317
[]\T1/txtt/m/n/10 objects \T1/qtm/m/n/10 (\T1/qtm/m/it/10 pages_app.models.menu
_item.MenuItem at-
 []


Overfull \hbox (9.90233pt too wide) in paragraph at lines 323--325
[]\T1/txtt/m/n/10 operations \T1/qtm/m/n/10 (\T1/qtm/m/it/10 pages_app.migratio
ns.0001_initial.Migration
 []


Overfull \hbox (51.39235pt too wide) in paragraph at lines 325--327
[]\T1/txtt/m/n/10 operations \T1/qtm/m/n/10 (\T1/qtm/m/it/10 pages_app.migratio
ns.0002_menuitem_name.Migration
 []


Overfull \hbox (84.67232pt too wide) in paragraph at lines 327--329
[]\T1/txtt/m/n/10 operations \T1/qtm/m/n/10 (\T1/qtm/m/it/10 pages_app.migratio
ns.0003_block_name_page_name.Migration
 []


Overfull \hbox (57.76233pt too wide) in paragraph at lines 329--331
[]\T1/txtt/m/n/10 operations \T1/qtm/m/n/10 (\T1/qtm/m/it/10 pages_app.migratio
ns.0004_alter_block_name.Migration
 []


Overfull \hbox (234.75226pt too wide) in paragraph at lines 331--333
[]\T1/txtt/m/n/10 operations \T1/qtm/m/n/10 (\T1/qtm/m/it/10 pages_app.migratio
ns.0005_historicalblock_historicalmenuitem_historicalpage_and_more.Migration
 []


Overfull \hbox (129.84227pt too wide) in paragraph at lines 333--335
[]\T1/txtt/m/n/10 operations \T1/qtm/m/n/10 (\T1/qtm/m/it/10 pages_app.migratio
ns.0006_block_image_historicalblock_image.Migration
 []


Overfull \hbox (225.08228pt too wide) in paragraph at lines 335--337
[]\T1/txtt/m/n/10 operations \T1/qtm/m/n/10 (\T1/qtm/m/it/10 pages_app.migratio
ns.0007_remove_page_pages_app_p_is_publ_d11ecf_idx_and_more.Migration
 []




Overfull \hbox (225.08228pt too wide) in paragraph at lines 337--339
[]\T1/txtt/m/n/10 operations \T1/qtm/m/n/10 (\T1/qtm/m/it/10 pages_app.migratio
ns.0008_remove_page_pages_app_p_publish_9c7cf5_idx_and_more.Migration
 []


Overfull \hbox (225.08228pt too wide) in paragraph at lines 339--341
[]\T1/txtt/m/n/10 operations \T1/qtm/m/n/10 (\T1/qtm/m/it/10 pages_app.migratio
ns.0009_remove_page_pages_app_p_is_publ_d11ecf_idx_and_more.Migration
 []


Overfull \hbox (225.08228pt too wide) in paragraph at lines 341--343
[]\T1/txtt/m/n/10 operations \T1/qtm/m/n/10 (\T1/qtm/m/it/10 pages_app.migratio
ns.0010_remove_page_pages_app_p_publish_9c7cf5_idx_and_more.Migration
 []


Overfull \hbox (225.08228pt too wide) in paragraph at lines 343--345
[]\T1/txtt/m/n/10 operations \T1/qtm/m/n/10 (\T1/qtm/m/it/10 pages_app.migratio
ns.0011_remove_page_pages_app_p_is_publ_d11ecf_idx_and_more.Migration
 []


Overfull \hbox (127.1223pt too wide) in paragraph at lines 345--347
[]\T1/txtt/m/n/10 operations \T1/qtm/m/n/10 (\T1/qtm/m/it/10 pages_app.migratio
ns.0012_block_script_historicalblock_script.Migration
 []


Overfull \hbox (194.38225pt too wide) in paragraph at lines 347--349
[]\T1/txtt/m/n/10 operations \T1/qtm/m/n/10 (\T1/qtm/m/it/10 pages_app.migratio
ns.0013_remove_block_script_remove_historicalblock_script.Migration
 []


Underfull \hbox (badness 10000) in paragraph at lines 354--356
[]\T1/txtt/m/n/10 page \T1/qtm/m/n/10 (\T1/qtm/m/it/10 pages_app.models.menu_it
em.MenuItem at-
 []


Underfull \hbox (badness 10000) in paragraph at lines 357--359
[]\T1/txtt/m/n/10 page \T1/qtm/m/n/10 (\T1/qtm/m/it/10 pages_app.models.page_bl
ock.PageBlock at-
 []


Underfull \hbox (badness 8170) in paragraph at lines 362--364
[]\T1/txtt/m/n/10 page_id \T1/qtm/m/n/10 (\T1/qtm/m/it/10 pages_app.models.menu
_item.MenuItem at-
 []


Underfull \hbox (badness 10000) in paragraph at lines 374--375
[]\T1/txtt/m/n/10 pageblock_set \T1/qtm/m/n/10 (\T1/qtm/m/it/10 pages_app.model
s.block.Block at-
 []


Underfull \hbox (badness 10000) in paragraph at lines 376--377
[]\T1/txtt/m/n/10 pageblock_set \T1/qtm/m/n/10 (\T1/qtm/m/it/10 pages_app.model
s.page.Page at-
 []


Underfull \hbox (badness 10000) in paragraph at lines 378--380
[]\T1/txtt/m/n/10 PageBlockModelTest \T1/qtm/m/n/10 (\T1/qtm/m/it/10 class in
 []



[60]
Overfull \hbox (11.6218pt too wide) in paragraph at lines 393--394
[]\T1/txtt/m/n/10 pages_app.migrations.0003_block_name_page_name 
 []


Overfull \hbox (211.12122pt too wide) in paragraph at lines 397--398
[]\T1/txtt/m/n/10 pages_app.migrations.0005_historicalblock_historicalmenuitem_
historicalpage_and_more 
 []


Overfull \hbox (79.8716pt too wide) in paragraph at lines 399--400
[]\T1/txtt/m/n/10 pages_app.migrations.0006_block_image_historicalblock_image 
 []


Overfull \hbox (174.37132pt too wide) in paragraph at lines 401--402
[]\T1/txtt/m/n/10 pages_app.migrations.0007_remove_page_pages_app_p_is_publ_d11
ecf_idx_and_more 
 []


Overfull \hbox (174.37132pt too wide) in paragraph at lines 403--404
[]\T1/txtt/m/n/10 pages_app.migrations.0008_remove_page_pages_app_p_publish_9c7
cf5_idx_and_more 
 []


Overfull \hbox (174.37132pt too wide) in paragraph at lines 405--406
[]\T1/txtt/m/n/10 pages_app.migrations.0009_remove_page_pages_app_p_is_publ_d11
ecf_idx_and_more 
 []


Overfull \hbox (174.37132pt too wide) in paragraph at lines 407--408
[]\T1/txtt/m/n/10 pages_app.migrations.0010_remove_page_pages_app_p_publish_9c7
cf5_idx_and_more 
 []


Overfull \hbox (174.37132pt too wide) in paragraph at lines 409--410
[]\T1/txtt/m/n/10 pages_app.migrations.0011_remove_page_pages_app_p_is_publ_d11
ecf_idx_and_more 
 []


Overfull \hbox (90.37157pt too wide) in paragraph at lines 411--412
[]\T1/txtt/m/n/10 pages_app.migrations.0012_block_script_historicalblock_script
 
 []


Overfull \hbox (163.87135pt too wide) in paragraph at lines 413--414
[]\T1/txtt/m/n/10 pages_app.migrations.0013_remove_block_script_remove_historic
alblock_script 
 []




Underfull \hbox (badness 10000) in paragraph at lines 470--472
[]\T1/txtt/m/n/10 save_without_historical_record()
 []


Underfull \hbox (badness 10000) in paragraph at lines 472--474
[]\T1/txtt/m/n/10 save_without_historical_record()
 []


Underfull \hbox (badness 10000) in paragraph at lines 472--474
\T1/qtm/m/n/10 (\T1/qtm/m/it/10 pages_app.models.block.Block method\T1/qtm/m/n/
10 ),
 []


Underfull \hbox (badness 10000) in paragraph at lines 474--476
[]\T1/txtt/m/n/10 save_without_historical_record()
 []


Underfull \hbox (badness 10000) in paragraph at lines 474--476
\T1/qtm/m/n/10 (\T1/qtm/m/it/10 pages_app.models.menu_item.MenuItem
 []


Underfull \hbox (badness 10000) in paragraph at lines 476--478
[]\T1/txtt/m/n/10 save_without_historical_record()
 []


Underfull \hbox (badness 10000) in paragraph at lines 478--480
[]\T1/txtt/m/n/10 save_without_historical_record()
 []


Underfull \hbox (badness 10000) in paragraph at lines 480--482
[]\T1/txtt/m/n/10 save_without_historical_record()
 []


Underfull \hbox (badness 10000) in paragraph at lines 482--484
[]\T1/txtt/m/n/10 save_without_historical_record()
 []


Underfull \hbox (badness 10000) in paragraph at lines 482--484
\T1/qtm/m/n/10 (\T1/qtm/m/it/10 pages_app.models.page_block.PageBlock
 []


Underfull \hbox (badness 10000) in paragraph at lines 484--486
[]\T1/txtt/m/n/10 save_without_historical_record()
 []


Underfull \hbox (badness 10000) in paragraph at lines 486--487
[]\T1/txtt/m/n/10 search_fields \T1/qtm/m/n/10 (\T1/qtm/m/it/10 pages_app.admin
.PageAdmin at-
 []


Underfull \hbox (badness 10000) in paragraph at lines 489--490
[]\T1/txtt/m/n/10 setUp() \T1/qtm/m/n/10 (\T1/qtm/m/it/10 pages_app.tests.test_
cache.CacheTests
 []


Overfull \hbox (8.3624pt too wide) in paragraph at lines 490--492
[]\T1/txtt/m/n/10 setUp() \T1/qtm/m/n/10 (\T1/qtm/m/it/10 pages_app.tests.test_
models.MenuItemModelTest
 []


Overfull \hbox (9.79236pt too wide) in paragraph at lines 492--494
[]\T1/txtt/m/n/10 setUp() \T1/qtm/m/n/10 (\T1/qtm/m/it/10 pages_app.tests.test_
models.PageBlockModelTest
 []



[61]
Underfull \hbox (badness 10000) in paragraph at lines 494--496
[]\T1/txtt/m/n/10 setUp() \T1/qtm/m/n/10 (\T1/qtm/m/it/10 pages_app.tests.test_
models.PageModelTest
 []


Overfull \hbox (21.05238pt too wide) in paragraph at lines 496--498
[]\T1/txtt/m/n/10 setUp() \T1/qtm/m/n/10 (\T1/qtm/m/it/10 pages_app.tests.test_
models.TimestampedModelTest
 []


Underfull \hbox (badness 8170) in paragraph at lines 503--505
[]\T1/txtt/m/n/10 sorting \T1/qtm/m/n/10 (\T1/qtm/m/it/10 pages_app.models.menu
_item.MenuItem at-
 []


Underfull \hbox (badness 10000) in paragraph at lines 509--511
[]\T1/txtt/m/n/10 tearDown() \T1/qtm/m/n/10 (\T1/qtm/m/it/10 pages_app.tests.te
st_cache.CacheTests
 []


Underfull \hbox (badness 10000) in paragraph at lines 511--513
[]\T1/txtt/m/n/10 tearDown() \T1/qtm/m/n/10 (\T1/qtm/m/it/10 pages_app.tests.te
st_views.ViewTests
 []


Underfull \hbox (badness 10000) in paragraph at lines 521--523
[]\T1/txtt/m/n/10 test_block_creation()
 []


Underfull \hbox (badness 10000) in paragraph at lines 521--523
\T1/qtm/m/n/10 (\T1/qtm/m/it/10 pages_app.tests.test_models.BlockModelTest
 []


Underfull \hbox (badness 10000) in paragraph at lines 523--525
[]\T1/txtt/m/n/10 test_block_ordering()
 []


Underfull \hbox (badness 10000) in paragraph at lines 523--525
\T1/qtm/m/n/10 (\T1/qtm/m/it/10 pages_app.tests.test_models.BlockModelTest
 []


Overfull \hbox (24.00218pt too wide) in paragraph at lines 525--527
[]\T1/txtt/m/n/10 test_cache_clear() \T1/qtm/m/n/10 (\T1/qtm/m/it/10 pages_app.
tests.test_cache.CacheTests
 []


Underfull \hbox (badness 10000) in paragraph at lines 527--529
[]\T1/txtt/m/n/10 test_cache_delete()
 []


Underfull \hbox (badness 10000) in paragraph at lines 527--529
\T1/qtm/m/n/10 (\T1/qtm/m/it/10 pages_app.tests.test_cache.CacheTests
 []


Underfull \hbox (badness 10000) in paragraph at lines 529--531
[]\T1/txtt/m/n/10 test_cache_set_get()
 []


Underfull \hbox (badness 10000) in paragraph at lines 529--531
\T1/qtm/m/n/10 (\T1/qtm/m/it/10 pages_app.tests.test_cache.CacheTests
 []


Underfull \hbox (badness 10000) in paragraph at lines 531--533
[]\T1/txtt/m/n/10 test_cache_timeout()
 []


Underfull \hbox (badness 10000) in paragraph at lines 531--533
\T1/qtm/m/n/10 (\T1/qtm/m/it/10 pages_app.tests.test_cache.CacheTests
 []


Overfull \hbox (7.00223pt too wide) in paragraph at lines 533--535
[]\T1/txtt/m/n/10 test_home_view() \T1/qtm/m/n/10 (\T1/qtm/m/it/10 pages_app.te
sts.test_views.ViewTests
 []


Underfull \hbox (badness 10000) in paragraph at lines 535--537
[]\T1/txtt/m/n/10 test_menu_item_creation()
 []


Overfull \hbox (9.9425pt too wide) in paragraph at lines 535--537
\T1/qtm/m/n/10 (\T1/qtm/m/it/10 pages_app.tests.test_models.MenuItemModelTest
 []


Underfull \hbox (badness 10000) in paragraph at lines 537--539
[]\T1/txtt/m/n/10 test_menu_item_ordering()
 []


Overfull \hbox (9.9425pt too wide) in paragraph at lines 537--539
\T1/qtm/m/n/10 (\T1/qtm/m/it/10 pages_app.tests.test_models.MenuItemModelTest
 []


Underfull \hbox (badness 10000) in paragraph at lines 539--541
[]\T1/txtt/m/n/10 test_menu_item_page_deletion()
 []


Overfull \hbox (9.9425pt too wide) in paragraph at lines 539--541
\T1/qtm/m/n/10 (\T1/qtm/m/it/10 pages_app.tests.test_models.MenuItemModelTest
 []




Underfull \hbox (badness 10000) in paragraph at lines 541--543
[]\T1/txtt/m/n/10 test_page_creation()
 []


Underfull \hbox (badness 10000) in paragraph at lines 541--543
\T1/qtm/m/n/10 (\T1/qtm/m/it/10 pages_app.tests.test_models.PageModelTest
 []


Underfull \hbox (badness 10000) in paragraph at lines 543--545
[]\T1/txtt/m/n/10 test_page_language_validation()
 []


Underfull \hbox (badness 10000) in paragraph at lines 543--545
\T1/qtm/m/n/10 (\T1/qtm/m/it/10 pages_app.tests.test_models.PageModelTest
 []


Underfull \hbox (badness 10000) in paragraph at lines 545--547
[]\T1/txtt/m/n/10 test_page_publish_unpublish()
 []


Underfull \hbox (badness 10000) in paragraph at lines 545--547
\T1/qtm/m/n/10 (\T1/qtm/m/it/10 pages_app.tests.test_models.PageModelTest
 []


Underfull \hbox (badness 10000) in paragraph at lines 547--549
[]\T1/txtt/m/n/10 test_page_url_validation()
 []


Underfull \hbox (badness 10000) in paragraph at lines 547--549
\T1/qtm/m/n/10 (\T1/qtm/m/it/10 pages_app.tests.test_models.PageModelTest
 []


Underfull \hbox (badness 10000) in paragraph at lines 549--551
[]\T1/txtt/m/n/10 test_pageblock_cascade_deletion()
 []


Overfull \hbox (11.37247pt too wide) in paragraph at lines 549--551
\T1/qtm/m/n/10 (\T1/qtm/m/it/10 pages_app.tests.test_models.PageBlockModelTest
 []


Underfull \hbox (badness 10000) in paragraph at lines 551--553
[]\T1/txtt/m/n/10 test_pageblock_creation()
 []


Overfull \hbox (11.37247pt too wide) in paragraph at lines 551--553
\T1/qtm/m/n/10 (\T1/qtm/m/it/10 pages_app.tests.test_models.PageBlockModelTest
 []


Underfull \hbox (badness 10000) in paragraph at lines 553--555
[]\T1/txtt/m/n/10 test_publish_unpublish()
 []


Underfull \hbox (badness 10000) in paragraph at lines 553--555
\T1/qtm/m/n/10 (\T1/qtm/m/it/10 pages_app.tests.test_models.PageModelTest
 []


Underfull \hbox (badness 10000) in paragraph at lines 555--557
[]\T1/txtt/m/n/10 test_render_page_existing_page()
 []


Underfull \hbox (badness 10000) in paragraph at lines 557--559
[]\T1/txtt/m/n/10 test_render_page_nonexistent_page()
 []


Underfull \hbox (badness 10000) in paragraph at lines 559--561
[]\T1/txtt/m/n/10 test_render_page_unpublished_page()
 []


Underfull \hbox (badness 10000) in paragraph at lines 561--563
[]\T1/txtt/m/n/10 test_timestamps_creation()
 []


Overfull \hbox (22.63249pt too wide) in paragraph at lines 561--563
\T1/qtm/m/n/10 (\T1/qtm/m/it/10 pages_app.tests.test_models.TimestampedModelTes
t
 []


Underfull \hbox (badness 10000) in paragraph at lines 563--565
[]\T1/txtt/m/n/10 test_updated_at_auto_updates()
 []


Overfull \hbox (22.63249pt too wide) in paragraph at lines 563--565
\T1/qtm/m/n/10 (\T1/qtm/m/it/10 pages_app.tests.test_models.TimestampedModelTes
t
 []


Underfull \hbox (badness 10000) in paragraph at lines 565--567
[]\T1/txtt/m/n/10 test_url_path_validation()
 []


Underfull \hbox (badness 10000) in paragraph at lines 565--567
\T1/qtm/m/n/10 (\T1/qtm/m/it/10 pages_app.tests.test_models.PageModelTest
 []


Underfull \hbox (badness 10000) in paragraph at lines 568--569
[]\T1/txtt/m/n/10 TimestampedModel.Meta \T1/qtm/m/n/10 (\T1/qtm/m/it/10 class i
n
 []


Underfull \hbox (badness 10000) in paragraph at lines 569--571
[]\T1/txtt/m/n/10 TimestampedModelTest \T1/qtm/m/n/10 (\T1/qtm/m/it/10 class in

 []



[62]
Overfull \hbox (3.29234pt too wide) in paragraph at lines 581--583
[]\T1/txtt/m/n/10 updated_at \T1/qtm/m/n/10 (\T1/qtm/m/it/10 pages_app.models.b
ase.TimestampedModel
 []


Underfull \hbox (badness 10000) in paragraph at lines 585--587
[]\T1/txtt/m/n/10 updated_at \T1/qtm/m/n/10 (\T1/qtm/m/it/10 pages_app.models.m
enu_item.MenuItem
 []





[63

]) (ris-webbackend.aux)
 ***********
LaTeX2e <2024-06-01> patch level 2
L3 programming layer <2024-10-09>
 ***********
Package rerunfilecheck Info: File `ris-webbackend.out' has not changed.
(rerunfilecheck)             Checksum: 73F6D9AD061A20B1D9DA9FADB80BABE9;21443.
 ) 
Here is how much of TeX's memory you used:
 21219 strings out of 473897
 398490 string characters out of 5726461
 821691 words of memory out of 5000000
 43135 multiletter control sequences out of 15000+600000
 613521 words of font info for 82 fonts, out of 8000000 for 9000
 1142 hyphenation exceptions out of 8191
 72i,12n,83p,18340b,836s stack positions out of 10000i,1000n,20000p,200000b,200000s
<C:/Users/maxu2/AppData/Local/Programs/MiKTeX/fonts/type1/public/fontawesome5
/FontAwesome5Free-Solid.pfb><C:/Users/maxu2/AppData/Local/Programs/MiKTeX/fonts
/type1/public/tex-gyre/qhvb.pfb><C:/Users/maxu2/AppData/Local/Programs/MiKTeX/f
onts/type1/public/tex-gyre/qhvbi.pfb><C:/Users/maxu2/AppData/Local/Programs/MiK
TeX/fonts/type1/public/tex-gyre/qhvr.pfb><C:/Users/maxu2/AppData/Local/Programs
/MiKTeX/fonts/type1/public/tex-gyre/qtmb.pfb><C:/Users/maxu2/AppData/Local/Prog
rams/MiKTeX/fonts/type1/public/tex-gyre/qtmr.pfb><C:/Users/maxu2/AppData/Local/
Programs/MiKTeX/fonts/type1/public/tex-gyre/qtmri.pfb><C:/Users/maxu2/AppData/L
ocal/Programs/MiKTeX/fonts/type1/public/txfonts/t1xbtt.pfb><C:/Users/maxu2/AppD
ata/Local/Programs/MiKTeX/fonts/type1/public/txfonts/t1xtt.pfb><C:/Users/maxu2/
AppData/Local/Programs/MiKTeX/fonts/type1/public/txfonts/t1xtt.pfb><C:/Users/ma
xu2/AppData/Local/Programs/MiKTeX/fonts/type1/public/txfonts/tcxbtt.pfb><C:/Use
rs/maxu2/AppData/Local/Programs/MiKTeX/fonts/type1/public/txfonts/tcxtt.pfb>
Output written on ris-webbackend.pdf (67 pages, 539679 bytes).
PDF statistics:
 1765 PDF objects out of 2073 (max. 8388607)
 544 named destinations out of 1000 (max. 500000)
 978 words of extra memory for PDF output out of 10000 (max. 10000000)

