\BOOKMARK [0][-]{chapter.1}{\376\377\000O\000v\000e\000r\000v\000i\000e\000w}{}% 1
\BOOKMARK [0][-]{chapter.2}{\376\377\000F\000e\000a\000t\000u\000r\000e\000s}{}% 2
\BOOKMARK [1][-]{section.2.1}{\376\377\000G\000e\000t\000t\000i\000n\000g\000\040\000S\000t\000a\000r\000t\000e\000d}{chapter.2}% 3
\BOOKMARK [2][-]{subsection.2.1.1}{\376\377\000I\000n\000t\000r\000o\000d\000u\000c\000t\000i\000o\000n}{section.2.1}% 4
\BOOKMARK [2][-]{subsection.2.1.2}{\376\377\000R\000e\000q\000u\000i\000r\000e\000m\000e\000n\000t\000s}{section.2.1}% 5
\BOOKMARK [2][-]{subsection.2.1.3}{\376\377\000I\000n\000s\000t\000a\000l\000l\000a\000t\000i\000o\000n\000\040\000S\000t\000e\000p\000s}{section.2.1}% 6
\BOOKMARK [2][-]{subsection.2.1.4}{\376\377\000D\000a\000t\000a\000b\000a\000s\000e\000\040\000S\000e\000t\000u\000p}{section.2.1}% 7
\BOOKMARK [2][-]{subsection.2.1.5}{\376\377\000S\000t\000a\000r\000t\000\040\000D\000e\000v\000e\000l\000o\000p\000m\000e\000n\000t\000\040\000S\000e\000r\000v\000e\000r}{section.2.1}% 8
\BOOKMARK [1][-]{section.2.2}{\376\377\000D\000a\000t\000a\000b\000a\000s\000e\000\040\000S\000c\000h\000e\000m\000a}{chapter.2}% 9
\BOOKMARK [2][-]{subsection.2.2.1}{\376\377\000M\000o\000d\000e\000l\000\040\000O\000v\000e\000r\000v\000i\000e\000w}{section.2.2}% 10
\BOOKMARK [2][-]{subsection.2.2.2}{\376\377\000M\000o\000d\000e\000l\000\040\000D\000e\000t\000a\000i\000l\000s}{section.2.2}% 11
\BOOKMARK [3][-]{subsubsection*.3}{\376\377\000P\000a\000g\000e\000\040\000M\000o\000d\000e\000l}{subsection.2.2.2}% 12
\BOOKMARK [3][-]{subsubsection*.4}{\376\377\000B\000l\000o\000c\000k\000\040\000M\000o\000d\000e\000l}{subsection.2.2.2}% 13
\BOOKMARK [3][-]{subsubsection*.5}{\376\377\000M\000e\000n\000u\000I\000t\000e\000m\000\040\000M\000o\000d\000e\000l}{subsection.2.2.2}% 14
\BOOKMARK [2][-]{subsection.2.2.3}{\376\377\000K\000e\000y\000\040\000F\000e\000a\000t\000u\000r\000e\000s}{section.2.2}% 15
\BOOKMARK [1][-]{section.2.3}{\376\377\000V\000i\000e\000w\000s\000\040\000D\000o\000c\000u\000m\000e\000n\000t\000a\000t\000i\000o\000n}{chapter.2}% 16
\BOOKMARK [2][-]{subsection.2.3.1}{\376\377\000O\000v\000e\000r\000v\000i\000e\000w}{section.2.3}% 17
\BOOKMARK [3][-]{subsubsection*.6}{\376\377\000H\000o\000m\000e\000\040\000V\000i\000e\000w\000\040\000D\000o\000c\000u\000m\000e\000n\000t\000a\000t\000i\000o\000n}{subsection.2.3.1}% 18
\BOOKMARK [4][-]{paragraph*.7}{\376\377\000O\000v\000e\000r\000v\000i\000e\000w}{subsubsection*.6}% 19
\BOOKMARK [4][-]{paragraph*.8}{\376\377\000K\000e\000y\000\040\000F\000u\000n\000c\000t\000i\000o\000n\000s}{subsubsection*.6}% 20
\BOOKMARK [5][-]{subparagraph*.9}{\376\377\000r\000e\000n\000d\000e\000r\000\137\000p\000a\000g\000e}{paragraph*.8}% 21
\BOOKMARK [4][-]{paragraph*.11}{\376\377\000C\000a\000c\000h\000e\000\040\000I\000m\000p\000l\000e\000m\000e\000n\000t\000a\000t\000i\000o\000n}{subsubsection*.6}% 22
\BOOKMARK [4][-]{paragraph*.12}{\376\377\000D\000e\000p\000e\000n\000d\000e\000n\000c\000i\000e\000s}{subsubsection*.6}% 23
\BOOKMARK [4][-]{paragraph*.13}{\376\377\000M\000o\000d\000e\000l\000s\000\040\000U\000s\000e\000d}{subsubsection*.6}% 24
\BOOKMARK [4][-]{paragraph*.14}{\376\377\000C\000o\000n\000f\000i\000g\000u\000r\000a\000t\000i\000o\000n}{subsubsection*.6}% 25
\BOOKMARK [3][-]{subsubsection*.15}{\376\377\000P\000a\000g\000e\000\040\000V\000i\000e\000w\000s\000\040\000D\000o\000c\000u\000m\000e\000n\000t\000a\000t\000i\000o\000n}{subsection.2.3.1}% 26
\BOOKMARK [4][-]{paragraph*.16}{\376\377\000O\000v\000e\000r\000v\000i\000e\000w}{subsubsection*.15}% 27
\BOOKMARK [4][-]{paragraph*.17}{\376\377\000K\000e\000y\000\040\000C\000o\000m\000p\000o\000n\000e\000n\000t\000s}{subsubsection*.15}% 28
\BOOKMARK [5][-]{subparagraph*.18}{\376\377\000P\000a\000g\000e\000\040\000R\000e\000n\000d\000e\000r\000i\000n\000g}{paragraph*.17}% 29
\BOOKMARK [5][-]{subparagraph*.20}{\376\377\000P\000a\000g\000e\000\040\000M\000o\000d\000e\000l\000\040\000I\000n\000t\000e\000g\000r\000a\000t\000i\000o\000n}{paragraph*.17}% 30
\BOOKMARK [4][-]{paragraph*.21}{\376\377\000C\000a\000c\000h\000e\000\040\000C\000o\000n\000f\000i\000g\000u\000r\000a\000t\000i\000o\000n}{subsubsection*.15}% 31
\BOOKMARK [4][-]{paragraph*.22}{\376\377\000D\000e\000p\000e\000n\000d\000e\000n\000c\000i\000e\000s}{subsubsection*.15}% 32
\BOOKMARK [2][-]{subsection.2.3.2}{\376\377\000H\000o\000m\000e\000\040\000V\000i\000e\000w}{section.2.3}% 33
\BOOKMARK [2][-]{subsection.2.3.3}{\376\377\000P\000a\000g\000e\000\040\000V\000i\000e\000w}{section.2.3}% 34
\BOOKMARK [1][-]{section.2.4}{\376\377\000D\000e\000p\000l\000o\000y\000m\000e\000n\000t}{chapter.2}% 35
\BOOKMARK [2][-]{subsection.2.4.1}{\376\377\000O\000v\000e\000r\000v\000i\000e\000w}{section.2.4}% 36
\BOOKMARK [2][-]{subsection.2.4.2}{\376\377\000D\000e\000p\000l\000o\000y\000m\000e\000n\000t\000\040\000S\000t\000e\000p\000s}{section.2.4}% 37
\BOOKMARK [2][-]{subsection.2.4.3}{\376\377\000E\000x\000a\000m\000p\000l\000e\000\040\000C\000o\000n\000f\000i\000g\000u\000r\000a\000t\000i\000o\000n}{section.2.4}% 38
\BOOKMARK [1][-]{section.2.5}{\376\377\000A\000P\000I\000\040\000D\000o\000c\000u\000m\000e\000n\000t\000a\000t\000i\000o\000n}{chapter.2}% 39
\BOOKMARK [2][-]{subsection.2.5.1}{\376\377\000O\000v\000e\000r\000v\000i\000e\000w}{section.2.5}% 40
\BOOKMARK [3][-]{subsubsection*.23}{\376\377\000A\000P\000I\000\040\000E\000n\000d\000p\000o\000i\000n\000t\000s}{subsection.2.5.1}% 41
\BOOKMARK [4][-]{paragraph*.24}{\376\377\000O\000v\000e\000r\000v\000i\000e\000w}{subsubsection*.23}% 42
\BOOKMARK [4][-]{paragraph*.25}{\376\377\000C\000o\000r\000e\000\040\000E\000n\000d\000p\000o\000i\000n\000t\000s}{subsubsection*.23}% 43
\BOOKMARK [5][-]{subparagraph*.26}{\376\377\000P\000a\000g\000e\000\040\000M\000a\000n\000a\000g\000e\000m\000e\000n\000t}{paragraph*.25}% 44
\BOOKMARK [5][-]{subparagraph*.27}{\376\377\000B\000l\000o\000c\000k\000\040\000M\000a\000n\000a\000g\000e\000m\000e\000n\000t}{paragraph*.25}% 45
\BOOKMARK [3][-]{subsubsection*.28}{\376\377\000A\000u\000t\000h\000e\000n\000t\000i\000c\000a\000t\000i\000o\000n}{subsection.2.5.1}% 46
\BOOKMARK [4][-]{paragraph*.29}{\376\377\000O\000v\000e\000r\000v\000i\000e\000w}{subsubsection*.28}% 47
\BOOKMARK [4][-]{paragraph*.30}{\376\377\000A\000u\000t\000h\000e\000n\000t\000i\000c\000a\000t\000i\000o\000n\000\040\000M\000e\000t\000h\000o\000d\000s}{subsubsection*.28}% 48
\BOOKMARK [4][-]{paragraph*.31}{\376\377\000S\000e\000c\000u\000r\000i\000t\000y\000\040\000C\000o\000n\000f\000i\000g\000u\000r\000a\000t\000i\000o\000n}{subsubsection*.28}% 49
\BOOKMARK [3][-]{subsubsection*.32}{\376\377\000E\000x\000a\000m\000p\000l\000e\000s}{subsection.2.5.1}% 50
\BOOKMARK [4][-]{paragraph*.33}{\376\377\000A\000P\000I\000\040\000U\000s\000a\000g\000e\000\040\000E\000x\000a\000m\000p\000l\000e\000s}{subsubsection*.32}% 51
\BOOKMARK [5][-]{subparagraph*.34}{\376\377\000P\000a\000g\000e\000\040\000C\000r\000e\000a\000t\000i\000o\000n}{paragraph*.33}% 52
\BOOKMARK [5][-]{subparagraph*.35}{\376\377\000B\000l\000o\000c\000k\000\040\000M\000a\000n\000a\000g\000e\000m\000e\000n\000t}{paragraph*.33}% 53
\BOOKMARK [5][-]{subparagraph*.36}{\376\377\000C\000a\000c\000h\000e\000\040\000O\000p\000e\000r\000a\000t\000i\000o\000n\000s}{paragraph*.33}% 54
\BOOKMARK [2][-]{subsection.2.5.2}{\376\377\000A\000u\000t\000h\000e\000n\000t\000i\000c\000a\000t\000i\000o\000n}{section.2.5}% 55
\BOOKMARK [2][-]{subsection.2.5.3}{\376\377\000E\000n\000d\000p\000o\000i\000n\000t\000s}{section.2.5}% 56
\BOOKMARK [2][-]{subsection.2.5.4}{\376\377\000E\000x\000a\000m\000p\000l\000e\000s}{section.2.5}% 57
\BOOKMARK [1][-]{section.2.6}{\376\377\000M\000o\000d\000u\000l\000e\000s}{chapter.2}% 58
\BOOKMARK [2][-]{subsection.2.6.1}{\376\377\000p\000a\000g\000e\000s\000\137\000a\000p\000p\000\040\000p\000a\000c\000k\000a\000g\000e}{section.2.6}% 59
\BOOKMARK [3][-]{subsubsection*.37}{\376\377\000S\000u\000b\000p\000a\000c\000k\000a\000g\000e\000s}{subsection.2.6.1}% 60
\BOOKMARK [4][-]{paragraph*.38}{\376\377\000p\000a\000g\000e\000s\000\137\000a\000p\000p\000.\000m\000i\000g\000r\000a\000t\000i\000o\000n\000s\000\040\000p\000a\000c\000k\000a\000g\000e}{subsubsection*.37}% 61
\BOOKMARK [5][-]{subparagraph*.39}{\376\377\000S\000u\000b\000m\000o\000d\000u\000l\000e\000s}{paragraph*.38}% 62
\BOOKMARK [5][-]{subparagraph*.40}{\376\377\000p\000a\000g\000e\000s\000\137\000a\000p\000p\000.\000m\000i\000g\000r\000a\000t\000i\000o\000n\000s\000.\0000\0000\0000\0001\000\137\000i\000n\000i\000t\000i\000a\000l\000\040\000m\000o\000d\000u\000l\000e}{paragraph*.38}% 63
\BOOKMARK [5][-]{subparagraph*.45}{\376\377\000p\000a\000g\000e\000s\000\137\000a\000p\000p\000.\000m\000i\000g\000r\000a\000t\000i\000o\000n\000s\000.\0000\0000\0000\0002\000\137\000m\000e\000n\000u\000i\000t\000e\000m\000\137\000n\000a\000m\000e\000\040\000m\000o\000d\000u\000l\000e}{paragraph*.38}% 64
\BOOKMARK [5][-]{subparagraph*.49}{\376\377\000p\000a\000g\000e\000s\000\137\000a\000p\000p\000.\000m\000i\000g\000r\000a\000t\000i\000o\000n\000s\000.\0000\0000\0000\0003\000\137\000b\000l\000o\000c\000k\000\137\000n\000a\000m\000e\000\137\000p\000a\000g\000e\000\137\000n\000a\000m\000e\000\040\000m\000o\000d\000u\000l\000e}{paragraph*.38}% 65
\BOOKMARK [5][-]{subparagraph*.53}{\376\377\000p\000a\000g\000e\000s\000\137\000a\000p\000p\000.\000m\000i\000g\000r\000a\000t\000i\000o\000n\000s\000.\0000\0000\0000\0004\000\137\000a\000l\000t\000e\000r\000\137\000b\000l\000o\000c\000k\000\137\000n\000a\000m\000e\000\040\000m\000o\000d\000u\000l\000e}{paragraph*.38}% 66
\BOOKMARK [5][-]{subparagraph*.57}{\376\377\000p\000a\000g\000e\000s\000\137\000a\000p\000p\000.\000m\000i\000g\000r\000a\000t\000i\000o\000n\000s\000.\0000\0000\0000\0005\000\137\000h\000i\000s\000t\000o\000r\000i\000c\000a\000l\000b\000l\000o\000c\000k\000\137\000h\000i\000s\000t\000o\000r\000i\000c\000a\000l\000m\000e\000n\000u\000i\000t\000e\000m\000\137\000h\000i\000s\000t\000o\000r\000i\000c\000a\000l\000p\000a\000g\000e\000\137\000a\000n\000d\000\137\000m\000o\000r\000e\000\040\000m\000o\000d\000u\000l\000e}{paragraph*.38}% 67
\BOOKMARK [5][-]{subparagraph*.61}{\376\377\000p\000a\000g\000e\000s\000\137\000a\000p\000p\000.\000m\000i\000g\000r\000a\000t\000i\000o\000n\000s\000.\0000\0000\0000\0006\000\137\000b\000l\000o\000c\000k\000\137\000i\000m\000a\000g\000e\000\137\000h\000i\000s\000t\000o\000r\000i\000c\000a\000l\000b\000l\000o\000c\000k\000\137\000i\000m\000a\000g\000e\000\040\000m\000o\000d\000u\000l\000e}{paragraph*.38}% 68
\BOOKMARK [5][-]{subparagraph*.65}{\376\377\000p\000a\000g\000e\000s\000\137\000a\000p\000p\000.\000m\000i\000g\000r\000a\000t\000i\000o\000n\000s\000.\0000\0000\0000\0007\000\137\000r\000e\000m\000o\000v\000e\000\137\000p\000a\000g\000e\000\137\000p\000a\000g\000e\000s\000\137\000a\000p\000p\000\137\000p\000\137\000i\000s\000\137\000p\000u\000b\000l\000\137\000d\0001\0001\000e\000c\000f\000\137\000i\000d\000x\000\137\000a\000n\000d\000\137\000m\000o\000r\000e\000\040\000m\000o\000d\000u\000l\000e}{paragraph*.38}% 69
\BOOKMARK [5][-]{subparagraph*.69}{\376\377\000p\000a\000g\000e\000s\000\137\000a\000p\000p\000.\000m\000i\000g\000r\000a\000t\000i\000o\000n\000s\000.\0000\0000\0000\0008\000\137\000r\000e\000m\000o\000v\000e\000\137\000p\000a\000g\000e\000\137\000p\000a\000g\000e\000s\000\137\000a\000p\000p\000\137\000p\000\137\000p\000u\000b\000l\000i\000s\000h\000\137\0009\000c\0007\000c\000f\0005\000\137\000i\000d\000x\000\137\000a\000n\000d\000\137\000m\000o\000r\000e\000\040\000m\000o\000d\000u\000l\000e}{paragraph*.38}% 70
\BOOKMARK [5][-]{subparagraph*.73}{\376\377\000p\000a\000g\000e\000s\000\137\000a\000p\000p\000.\000m\000i\000g\000r\000a\000t\000i\000o\000n\000s\000.\0000\0000\0000\0009\000\137\000r\000e\000m\000o\000v\000e\000\137\000p\000a\000g\000e\000\137\000p\000a\000g\000e\000s\000\137\000a\000p\000p\000\137\000p\000\137\000i\000s\000\137\000p\000u\000b\000l\000\137\000d\0001\0001\000e\000c\000f\000\137\000i\000d\000x\000\137\000a\000n\000d\000\137\000m\000o\000r\000e\000\040\000m\000o\000d\000u\000l\000e}{paragraph*.38}% 71
\BOOKMARK [5][-]{subparagraph*.77}{\376\377\000p\000a\000g\000e\000s\000\137\000a\000p\000p\000.\000m\000i\000g\000r\000a\000t\000i\000o\000n\000s\000.\0000\0000\0001\0000\000\137\000r\000e\000m\000o\000v\000e\000\137\000p\000a\000g\000e\000\137\000p\000a\000g\000e\000s\000\137\000a\000p\000p\000\137\000p\000\137\000p\000u\000b\000l\000i\000s\000h\000\137\0009\000c\0007\000c\000f\0005\000\137\000i\000d\000x\000\137\000a\000n\000d\000\137\000m\000o\000r\000e\000\040\000m\000o\000d\000u\000l\000e}{paragraph*.38}% 72
\BOOKMARK [5][-]{subparagraph*.81}{\376\377\000p\000a\000g\000e\000s\000\137\000a\000p\000p\000.\000m\000i\000g\000r\000a\000t\000i\000o\000n\000s\000.\0000\0000\0001\0001\000\137\000r\000e\000m\000o\000v\000e\000\137\000p\000a\000g\000e\000\137\000p\000a\000g\000e\000s\000\137\000a\000p\000p\000\137\000p\000\137\000i\000s\000\137\000p\000u\000b\000l\000\137\000d\0001\0001\000e\000c\000f\000\137\000i\000d\000x\000\137\000a\000n\000d\000\137\000m\000o\000r\000e\000\040\000m\000o\000d\000u\000l\000e}{paragraph*.38}% 73
\BOOKMARK [5][-]{subparagraph*.85}{\376\377\000p\000a\000g\000e\000s\000\137\000a\000p\000p\000.\000m\000i\000g\000r\000a\000t\000i\000o\000n\000s\000.\0000\0000\0001\0002\000\137\000b\000l\000o\000c\000k\000\137\000s\000c\000r\000i\000p\000t\000\137\000h\000i\000s\000t\000o\000r\000i\000c\000a\000l\000b\000l\000o\000c\000k\000\137\000s\000c\000r\000i\000p\000t\000\040\000m\000o\000d\000u\000l\000e}{paragraph*.38}% 74
\BOOKMARK [5][-]{subparagraph*.89}{\376\377\000p\000a\000g\000e\000s\000\137\000a\000p\000p\000.\000m\000i\000g\000r\000a\000t\000i\000o\000n\000s\000.\0000\0000\0001\0003\000\137\000r\000e\000m\000o\000v\000e\000\137\000b\000l\000o\000c\000k\000\137\000s\000c\000r\000i\000p\000t\000\137\000r\000e\000m\000o\000v\000e\000\137\000h\000i\000s\000t\000o\000r\000i\000c\000a\000l\000b\000l\000o\000c\000k\000\137\000s\000c\000r\000i\000p\000t\000\040\000m\000o\000d\000u\000l\000e}{paragraph*.38}% 75
\BOOKMARK [5][-]{subparagraph*.93}{\376\377\000M\000o\000d\000u\000l\000e\000\040\000c\000o\000n\000t\000e\000n\000t\000s}{paragraph*.38}% 76
\BOOKMARK [4][-]{paragraph*.94}{\376\377\000p\000a\000g\000e\000s\000\137\000a\000p\000p\000.\000m\000o\000d\000e\000l\000s\000\040\000p\000a\000c\000k\000a\000g\000e}{subsubsection*.37}% 77
\BOOKMARK [5][-]{subparagraph*.95}{\376\377\000S\000u\000b\000m\000o\000d\000u\000l\000e\000s}{paragraph*.94}% 78
\BOOKMARK [5][-]{subparagraph*.96}{\376\377\000p\000a\000g\000e\000s\000\137\000a\000p\000p\000.\000m\000o\000d\000e\000l\000s\000.\000b\000a\000s\000e\000\040\000m\000o\000d\000u\000l\000e}{paragraph*.94}% 79
\BOOKMARK [5][-]{subparagraph*.110}{\376\377\000p\000a\000g\000e\000s\000\137\000a\000p\000p\000.\000m\000o\000d\000e\000l\000s\000.\000b\000l\000o\000c\000k\000\040\000m\000o\000d\000u\000l\000e}{paragraph*.94}% 80
\BOOKMARK [5][-]{subparagraph*.140}{\376\377\000p\000a\000g\000e\000s\000\137\000a\000p\000p\000.\000m\000o\000d\000e\000l\000s\000.\000m\000e\000n\000u\000\137\000i\000t\000e\000m\000\040\000m\000o\000d\000u\000l\000e}{paragraph*.94}% 81
\BOOKMARK [5][-]{subparagraph*.164}{\376\377\000p\000a\000g\000e\000s\000\137\000a\000p\000p\000.\000m\000o\000d\000e\000l\000s\000.\000p\000a\000g\000e\000\040\000m\000o\000d\000u\000l\000e}{paragraph*.94}% 82
\BOOKMARK [5][-]{subparagraph*.209}{\376\377\000p\000a\000g\000e\000s\000\137\000a\000p\000p\000.\000m\000o\000d\000e\000l\000s\000.\000p\000a\000g\000e\000\137\000b\000l\000o\000c\000k\000\040\000m\000o\000d\000u\000l\000e}{paragraph*.94}% 83
\BOOKMARK [5][-]{subparagraph*.225}{\376\377\000p\000a\000g\000e\000s\000\137\000a\000p\000p\000.\000m\000o\000d\000e\000l\000s\000.\000s\000i\000g\000n\000a\000l\000s\000\040\000m\000o\000d\000u\000l\000e}{paragraph*.94}% 84
\BOOKMARK [5][-]{subparagraph*.227}{\376\377\000M\000o\000d\000u\000l\000e\000\040\000c\000o\000n\000t\000e\000n\000t\000s}{paragraph*.94}% 85
\BOOKMARK [5][-]{subparagraph*.228}{\376\377\000P\000a\000g\000e\000s\000\040\000A\000p\000p\000\040\000M\000o\000d\000e\000l\000s\000\040\000M\000o\000d\000u\000l\000e}{paragraph*.94}% 86
\BOOKMARK [5][-]{subparagraph*.229}{\376\377\000M\000o\000d\000e\000l\000s}{paragraph*.94}% 87
\BOOKMARK [4][-]{paragraph*.330}{\376\377\000p\000a\000g\000e\000s\000\137\000a\000p\000p\000.\000t\000e\000s\000t\000s\000\040\000p\000a\000c\000k\000a\000g\000e}{subsubsection*.37}% 88
\BOOKMARK [5][-]{subparagraph*.331}{\376\377\000S\000u\000b\000m\000o\000d\000u\000l\000e\000s}{paragraph*.330}% 89
\BOOKMARK [5][-]{subparagraph*.332}{\376\377\000p\000a\000g\000e\000s\000\137\000a\000p\000p\000.\000t\000e\000s\000t\000s\000.\000t\000e\000s\000t\000\137\000c\000a\000c\000h\000e\000\040\000m\000o\000d\000u\000l\000e}{paragraph*.330}% 90
\BOOKMARK [5][-]{subparagraph*.333}{\376\377\000C\000a\000c\000h\000e\000\040\000T\000e\000s\000t\000s\000\040\000M\000o\000d\000u\000l\000e}{paragraph*.330}% 91
\BOOKMARK [5][-]{subparagraph*.334}{\376\377\000T\000e\000s\000t\000\040\000C\000a\000s\000e\000s}{paragraph*.330}% 92
\BOOKMARK [5][-]{subparagraph*.335}{\376\377\000D\000e\000p\000e\000n\000d\000e\000n\000c\000i\000e\000s}{paragraph*.330}% 93
\BOOKMARK [5][-]{subparagraph*.343}{\376\377\000p\000a\000g\000e\000s\000\137\000a\000p\000p\000.\000t\000e\000s\000t\000s\000.\000t\000e\000s\000t\000\137\000m\000o\000d\000e\000l\000s\000\040\000m\000o\000d\000u\000l\000e}{paragraph*.330}% 94
\BOOKMARK [5][-]{subparagraph*.368}{\376\377\000p\000a\000g\000e\000s\000\137\000a\000p\000p\000.\000t\000e\000s\000t\000s\000.\000t\000e\000s\000t\000\137\000v\000i\000e\000w\000s\000\040\000m\000o\000d\000u\000l\000e}{paragraph*.330}% 95
\BOOKMARK [5][-]{subparagraph*.376}{\376\377\000M\000o\000d\000u\000l\000e\000\040\000c\000o\000n\000t\000e\000n\000t\000s}{paragraph*.330}% 96
\BOOKMARK [5][-]{subparagraph*.377}{\376\377\000T\000e\000s\000t\000\040\000S\000u\000i\000t\000e\000\040\000f\000o\000r\000\040\000R\000I\000S\000\040\000C\000M\000S}{paragraph*.330}% 97
\BOOKMARK [5][-]{subparagraph*.378}{\376\377\000T\000e\000s\000t\000\040\000M\000o\000d\000u\000l\000e\000s}{paragraph*.330}% 98
\BOOKMARK [5][-]{subparagraph*.379}{\376\377\000T\000e\000s\000t\000\040\000C\000o\000n\000f\000i\000g\000u\000r\000a\000t\000i\000o\000n}{paragraph*.330}% 99
\BOOKMARK [4][-]{paragraph*.380}{\376\377\000p\000a\000g\000e\000s\000\137\000a\000p\000p\000.\000v\000i\000e\000w\000s\000\040\000p\000a\000c\000k\000a\000g\000e}{subsubsection*.37}% 100
\BOOKMARK [5][-]{subparagraph*.381}{\376\377\000S\000u\000b\000m\000o\000d\000u\000l\000e\000s}{paragraph*.380}% 101
\BOOKMARK [5][-]{subparagraph*.382}{\376\377\000p\000a\000g\000e\000s\000\137\000a\000p\000p\000.\000v\000i\000e\000w\000s\000.\000h\000o\000m\000e\000\040\000m\000o\000d\000u\000l\000e}{paragraph*.380}% 102
\BOOKMARK [5][-]{subparagraph*.384}{\376\377\000p\000a\000g\000e\000s\000\137\000a\000p\000p\000.\000v\000i\000e\000w\000s\000.\000p\000a\000g\000e\000\040\000m\000o\000d\000u\000l\000e}{paragraph*.380}% 103
\BOOKMARK [5][-]{subparagraph*.386}{\376\377\000M\000o\000d\000u\000l\000e\000\040\000c\000o\000n\000t\000e\000n\000t\000s}{paragraph*.380}% 104
\BOOKMARK [5][-]{subparagraph*.387}{\376\377\000P\000a\000g\000e\000s\000\040\000A\000p\000p\000\040\000V\000i\000e\000w\000s\000\040\000M\000o\000d\000u\000l\000e}{paragraph*.380}% 105
\BOOKMARK [3][-]{subsubsection*.389}{\376\377\000S\000u\000b\000m\000o\000d\000u\000l\000e\000s}{subsection.2.6.1}% 106
\BOOKMARK [3][-]{subsubsection*.390}{\376\377\000p\000a\000g\000e\000s\000\137\000a\000p\000p\000.\000a\000d\000m\000i\000n\000\040\000m\000o\000d\000u\000l\000e}{subsection.2.6.1}% 107
\BOOKMARK [3][-]{subsubsection*.412}{\376\377\000p\000a\000g\000e\000s\000\137\000a\000p\000p\000.\000a\000p\000p\000s\000\040\000m\000o\000d\000u\000l\000e}{subsection.2.6.1}% 108
\BOOKMARK [3][-]{subsubsection*.417}{\376\377\000p\000a\000g\000e\000s\000\137\000a\000p\000p\000.\000u\000r\000l\000s\000\040\000m\000o\000d\000u\000l\000e}{subsection.2.6.1}% 109
\BOOKMARK [4][-]{paragraph*.418}{\376\377\000U\000R\000L\000\040\000P\000a\000t\000t\000e\000r\000n\000s\000:}{subsubsection*.417}% 110
\BOOKMARK [4][-]{paragraph*.419}{\376\377\000P\000a\000t\000t\000e\000r\000n\000\040\000M\000a\000t\000c\000h\000i\000n\000g\000:}{subsubsection*.417}% 111
\BOOKMARK [4][-]{paragraph*.420}{\376\377\000E\000x\000a\000m\000p\000l\000e\000\040\000U\000s\000a\000g\000e\000:}{subsubsection*.417}% 112
\BOOKMARK [4][-]{paragraph*.421}{\376\377\000S\000e\000e\000\040\000A\000l\000s\000o\000:}{subsubsection*.417}% 113
\BOOKMARK [3][-]{subsubsection*.422}{\376\377\000p\000a\000g\000e\000s\000\137\000a\000p\000p\000.\000v\000i\000e\000w\000s\000\040\000m\000o\000d\000u\000l\000e}{subsection.2.6.1}% 114
\BOOKMARK [4][-]{paragraph*.423}{\376\377\000P\000a\000g\000e\000s\000\040\000A\000p\000p\000\040\000V\000i\000e\000w\000s\000\040\000M\000o\000d\000u\000l\000e}{subsubsection*.422}% 115
\BOOKMARK [3][-]{subsubsection*.425}{\376\377\000M\000o\000d\000u\000l\000e\000\040\000c\000o\000n\000t\000e\000n\000t\000s}{subsection.2.6.1}% 116
\BOOKMARK [0][-]{chapter.3}{\376\377\000I\000n\000d\000i\000c\000e\000s\000\040\000a\000n\000d\000\040\000T\000a\000b\000l\000e\000s}{}% 117
\BOOKMARK [0][-]{section*.428}{\376\377\000P\000y\000t\000h\000o\000n\000\040\000M\000o\000d\000u\000l\000e\000\040\000I\000n\000d\000e\000x}{}% 118
\BOOKMARK [0][-]{section*.429}{\376\377\000I\000n\000d\000e\000x}{}% 119
