\BOOKMARK [0][-]{chapter.1}{\376\377\000I\000n\000h\000a\000l\000t\000s\000v\000e\000r\000z\000e\000i\000c\000h\000n\000i\000s}{}% 1
\BOOKMARK [1][-]{section.1.1}{\376\377\000P\000r\000o\000j\000e\000k\000t\000p\000l\000a\000n\000u\000n\000g\000\040\000u\000n\000d\000\040\000A\000n\000a\000l\000y\000s\000e}{chapter.1}% 2
\BOOKMARK [2][-]{subsection.1.1.1}{\376\377\000E\000i\000n\000l\000e\000i\000t\000u\000n\000g}{section.1.1}% 3
\BOOKMARK [3][-]{subsubsection*.3}{\376\377\000P\000r\000o\000j\000e\000k\000t\000u\000m\000f\000e\000l\000d}{subsection.1.1.1}% 4
\BOOKMARK [3][-]{subsubsection*.4}{\376\377\000P\000r\000o\000j\000e\000k\000t\000z\000i\000e\000l}{subsection.1.1.1}% 5
\BOOKMARK [3][-]{subsubsection*.5}{\376\377\000A\000u\000s\000g\000a\000n\000g\000s\000s\000i\000t\000u\000a\000t\000i\000o\000n}{subsection.1.1.1}% 6
\BOOKMARK [2][-]{subsection.1.1.2}{\376\377\000A\000b\000g\000r\000e\000n\000z\000u\000n\000g\000\040\000d\000e\000s\000\040\000A\000u\000f\000g\000a\000b\000e\000n\000b\000e\000r\000e\000i\000c\000h\000s}{section.1.1}% 7
\BOOKMARK [2][-]{subsection.1.1.3}{\376\377\000P\000r\000o\000j\000e\000k\000t\000p\000l\000a\000n\000u\000n\000g}{section.1.1}% 8
\BOOKMARK [3][-]{subsubsection*.6}{\376\377\000P\000r\000o\000j\000e\000k\000t\000p\000h\000a\000s\000e\000n}{subsection.1.1.3}% 9
\BOOKMARK [3][-]{subsubsection*.7}{\376\377\000G\000r\000o\000b\000e\000\040\000Z\000e\000i\000t\000p\000l\000a\000n\000u\000n\000g}{subsection.1.1.3}% 10
\BOOKMARK [3][-]{subsubsection*.8}{\376\377\000R\000e\000s\000s\000o\000u\000r\000c\000e\000n\000p\000l\000a\000n\000u\000n\000g}{subsection.1.1.3}% 11
\BOOKMARK [2][-]{subsection.1.1.4}{\376\377\000A\000n\000a\000l\000y\000s\000e\000p\000h\000a\000s\000e}{section.1.1}% 12
\BOOKMARK [3][-]{subsubsection*.9}{\376\377\000A\000u\000s\000w\000a\000h\000l\000\040\000d\000e\000r\000\040\000T\000e\000c\000h\000n\000o\000l\000o\000g\000i\000e\000p\000l\000a\000t\000t\000f\000o\000r\000m}{subsection.1.1.4}% 13
\BOOKMARK [3][-]{subsubsection*.10}{\376\377\000I\000s\000t\000-\000A\000n\000a\000l\000y\000s\000e}{subsection.1.1.4}% 14
\BOOKMARK [3][-]{subsubsection*.11}{\376\377\000W\000i\000r\000t\000s\000c\000h\000a\000f\000t\000l\000i\000c\000h\000k\000e\000i\000t\000s\000a\000n\000a\000l\000y\000s\000e}{subsection.1.1.4}% 15
\BOOKMARK [2][-]{subsection.1.1.5}{\376\377\000V\000o\000r\000g\000e\000h\000e\000n\000s\000m\000o\000d\000e\000l\000l\000e}{section.1.1}% 16
\BOOKMARK [2][-]{subsection.1.1.6}{\376\377\000M\000a\000k\000e\000\040\000o\000r\000\040\000B\000u\000y\000-\000E\000n\000t\000s\000c\000h\000e\000i\000d\000u\000n\000g}{section.1.1}% 17
\BOOKMARK [2][-]{subsection.1.1.7}{\376\377\000N\000u\000t\000z\000w\000e\000r\000t\000a\000n\000a\000l\000y\000s\000e}{section.1.1}% 18
\BOOKMARK [2][-]{subsection.1.1.8}{\376\377\000A\000n\000w\000e\000n\000d\000u\000n\000g\000s\000f\000\344\000l\000l\000e}{section.1.1}% 19
\BOOKMARK [1][-]{section.1.2}{\376\377\000E\000n\000t\000w\000u\000r\000f}{chapter.1}% 20
\BOOKMARK [2][-]{subsection.1.2.1}{\376\377\000A\000r\000c\000h\000i\000t\000e\000k\000t\000u\000r\000d\000e\000s\000i\000g\000n}{section.1.2}% 21
\BOOKMARK [2][-]{subsection.1.2.2}{\376\377\000M\000T\000V\000-\000A\000r\000c\000h\000i\000t\000e\000k\000t\000u\000r}{section.1.2}% 22
\BOOKMARK [2][-]{subsection.1.2.3}{\376\377\000E\000R\000D\000-\000D\000i\000a\000g\000r\000a\000m\000m}{section.1.2}% 23
\BOOKMARK [2][-]{subsection.1.2.4}{\376\377\000S\000y\000s\000t\000e\000m\000k\000o\000m\000p\000o\000n\000e\000n\000t\000e\000n}{section.1.2}% 24
\BOOKMARK [2][-]{subsection.1.2.5}{\376\377\000B\000e\000z\000i\000e\000h\000u\000n\000g\000e\000n}{section.1.2}% 25
\BOOKMARK [2][-]{subsection.1.2.6}{\376\377\000D\000a\000t\000e\000n\000m\000o\000d\000e\000l\000l}{section.1.2}% 26
\BOOKMARK [2][-]{subsection.1.2.7}{\376\377\000C\000a\000c\000h\000e\000-\000S\000t\000r\000a\000t\000e\000g\000i\000e}{section.1.2}% 27
\BOOKMARK [1][-]{section.1.3}{\376\377\000I\000m\000p\000l\000e\000m\000e\000n\000t\000i\000e\000r\000u\000n\000g}{chapter.1}% 28
\BOOKMARK [2][-]{subsection.1.3.1}{\376\377\000D\000e\000t\000a\000i\000l\000s\000\040\000d\000e\000r\000\040\000U\000m\000s\000e\000t\000z\000u\000n\000g}{section.1.3}% 29
\BOOKMARK [2][-]{subsection.1.3.2}{\376\377\000P\000a\000g\000e\000-\000M\000o\000d\000e\000l\000l}{section.1.3}% 30
\BOOKMARK [2][-]{subsection.1.3.3}{\376\377\000B\000l\000o\000c\000k\000-\000M\000o\000d\000e\000l\000l}{section.1.3}% 31
\BOOKMARK [2][-]{subsection.1.3.4}{\376\377\000M\000e\000n\000u\000I\000t\000e\000m\000-\000M\000o\000d\000e\000l\000l}{section.1.3}% 32
\BOOKMARK [2][-]{subsection.1.3.5}{\376\377\000P\000a\000g\000e\000B\000l\000o\000c\000k\000-\000M\000o\000d\000e\000l\000l}{section.1.3}% 33
\BOOKMARK [2][-]{subsection.1.3.6}{\376\377\000C\000a\000c\000h\000i\000n\000g}{section.1.3}% 34
\BOOKMARK [2][-]{subsection.1.3.7}{\376\377\000D\000j\000a\000n\000g\000o\000\040\000S\000i\000g\000n\000a\000l\000s}{section.1.3}% 35
\BOOKMARK [2][-]{subsection.1.3.8}{\376\377\000S\000o\000f\000t\000w\000a\000r\000e\000\040\000\046\000\040\000T\000e\000c\000h\000n\000o\000l\000o\000g\000i\000e\000n}{section.1.3}% 36
\BOOKMARK [1][-]{section.1.4}{\376\377\000T\000e\000s\000t\000\040\000u\000n\000d\000\040\000D\000u\000r\000c\000h\000f\000\374\000h\000r\000u\000n\000g}{chapter.1}% 37
\BOOKMARK [2][-]{subsection.1.4.1}{\376\377\000T\000e\000s\000t\000p\000h\000a\000s\000e}{section.1.4}% 38
\BOOKMARK [2][-]{subsection.1.4.2}{\376\377\000I\000m\000p\000l\000e\000m\000e\000n\000t\000i\000e\000r\000t\000e\000\040\000T\000e\000s\000t\000s}{section.1.4}% 39
\BOOKMARK [3][-]{subsubsection*.12}{\376\377\000M\000o\000d\000e\000l\000\040\000T\000e\000s\000t\000s\000\040\000\050\000t\000e\000s\000t\000\137\000m\000o\000d\000e\000l\000s\000.\000p\000y\000\051}{subsection.1.4.2}% 40
\BOOKMARK [3][-]{subsubsection*.13}{\376\377\000C\000a\000c\000h\000e\000\040\000T\000e\000s\000t\000s\000\040\000\050\000t\000e\000s\000t\000\137\000c\000a\000c\000h\000e\000.\000p\000y\000\051}{subsection.1.4.2}% 41
\BOOKMARK [3][-]{subsubsection*.14}{\376\377\000V\000i\000e\000w\000\040\000T\000e\000s\000t\000s\000\040\000\050\000t\000e\000s\000t\000\137\000v\000i\000e\000w\000s\000.\000p\000y\000\051}{subsection.1.4.2}% 42
\BOOKMARK [2][-]{subsection.1.4.3}{\376\377\000T\000e\000s\000t\000e\000r\000g\000e\000b\000n\000i\000s\000s\000e}{section.1.4}% 43
\BOOKMARK [2][-]{subsection.1.4.4}{\376\377\000T\000e\000s\000t\000p\000r\000o\000t\000o\000k\000o\000l\000l\000e}{section.1.4}% 44
\BOOKMARK [1][-]{section.1.5}{\376\377\000M\000o\000d\000e\000l\000s}{chapter.1}% 45
\BOOKMARK [2][-]{subsection.1.5.1}{\376\377\000T\000i\000m\000e\000s\000t\000a\000m\000p\000e\000d\000M\000o\000d\000e\000l\000\050\000b\000a\000s\000e\000\051}{section.1.5}% 46
\BOOKMARK [2][-]{subsection.1.5.2}{\376\377\000P\000a\000g\000e\000\040\000M\000o\000d\000e\000l}{section.1.5}% 47
\BOOKMARK [2][-]{subsection.1.5.3}{\376\377\000B\000l\000o\000c\000k\000\040\000M\000o\000d\000e\000l}{section.1.5}% 48
\BOOKMARK [2][-]{subsection.1.5.4}{\376\377\000M\000e\000n\000u\000I\000t\000e\000m\000\040\000M\000o\000d\000e\000l}{section.1.5}% 49
\BOOKMARK [2][-]{subsection.1.5.5}{\376\377\000P\000a\000g\000e\000B\000l\000o\000c\000k\000\040\000M\000o\000d\000e\000l}{section.1.5}% 50
\BOOKMARK [2][-]{subsection.1.5.6}{\376\377\000M\000T\000V\000-\000A\000r\000c\000h\000i\000t\000e\000k\000t\000u\000r}{section.1.5}% 51
\BOOKMARK [1][-]{section.1.6}{\376\377\000G\000l\000o\000s\000a\000r}{chapter.1}% 52
\BOOKMARK [2][-]{subsection.1.6.1}{\376\377\000B\000e\000g\000r\000i\000f\000f\000e}{section.1.6}% 53
\BOOKMARK [2][-]{subsection.1.6.2}{\376\377\000A\000b\000k\000\374\000r\000z\000u\000n\000g\000e\000n}{section.1.6}% 54
\BOOKMARK [1][-]{section.1.7}{\376\377\000D\000i\000a\000g\000r\000a\000m\000m\000e}{chapter.1}% 55
\BOOKMARK [2][-]{subsection.1.7.1}{\376\377\000U\000s\000e\000\040\000C\000a\000s\000e\000\040\000D\000i\000a\000g\000r\000a\000m\000m}{section.1.7}% 56
\BOOKMARK [2][-]{subsection.1.7.2}{\376\377\000E\000R\000D\000-\000D\000i\000a\000g\000r\000a\000m\000m}{section.1.7}% 57
\BOOKMARK [2][-]{subsection.1.7.3}{\376\377\000S\000i\000g\000n\000a\000l\000f\000l\000u\000s\000s\000-\000D\000i\000a\000g\000r\000a\000m\000m}{section.1.7}% 58
\BOOKMARK [2][-]{subsection.1.7.4}{\376\377\000S\000e\000i\000t\000e\000n\000-\000R\000e\000n\000d\000e\000r\000i\000n\000g\000-\000D\000i\000a\000g\000r\000a\000m\000m}{section.1.7}% 59
\BOOKMARK [2][-]{subsection.1.7.5}{\376\377\000N\000a\000v\000i\000g\000a\000t\000i\000o\000n\000s\000-\000D\000i\000a\000g\000r\000a\000m\000m}{section.1.7}% 60
\BOOKMARK [2][-]{subsection.1.7.6}{\376\377\000M\000T\000V\000-\000A\000r\000c\000h\000i\000t\000e\000k\000t\000u\000r}{section.1.7}% 61
\BOOKMARK [1][-]{section.1.8}{\376\377\000B\000i\000l\000d\000e\000r}{chapter.1}% 62
\BOOKMARK [1][-]{section.1.9}{\376\377\000D\000e\000t\000a\000l\000l\000i\000e\000r\000t\000e\000r\000\040\000Z\000e\000i\000t\000p\000l\000a\000n\000u\000n\000g}{chapter.1}% 63
\BOOKMARK [1][-]{section.1.10}{\376\377\000F\000a\000z\000i\000t}{chapter.1}% 64
\BOOKMARK [2][-]{subsection.1.10.1}{\376\377\000S\000o\000l\000l\000-\000/\000I\000s\000t\000-\000V\000e\000r\000g\000l\000e\000i\000c\000h}{section.1.10}% 65
\BOOKMARK [2][-]{subsection.1.10.2}{\376\377\000P\000r\000o\000j\000e\000k\000t\000z\000i\000e\000l\000\040\000e\000r\000r\000e\000i\000c\000h\000t}{section.1.10}% 66
\BOOKMARK [2][-]{subsection.1.10.3}{\376\377\000Z\000e\000i\000t\000u\000n\000t\000e\000r\000s\000c\000h\000i\000e\000d}{section.1.10}% 67
\BOOKMARK [2][-]{subsection.1.10.4}{\376\377\000L\000e\000s\000s\000o\000n\000s\000\040\000L\000e\000a\000r\000n\000e\000d}{section.1.10}% 68
\BOOKMARK [2][-]{subsection.1.10.5}{\376\377\000A\000u\000s\000b\000l\000i\000c\000k}{section.1.10}% 69
\BOOKMARK [2][-]{subsection.1.10.6}{\376\377\000R\000e\000f\000e\000r\000e\000n\000z\000e\000n}{section.1.10}% 70
\BOOKMARK [1][-]{section.1.11}{\376\377\000P\000r\000o\000j\000e\000k\000t\000a\000n\000t\000r\000a\000g}{chapter.1}% 71
\BOOKMARK [2][-]{subsection.1.11.1}{\376\377\000T\000h\000e\000m\000a\000\040\000d\000e\000r\000\040\000P\000r\000o\000j\000e\000k\000t\000a\000r\000b\000e\000i\000t}{section.1.11}% 72
\BOOKMARK [2][-]{subsection.1.11.2}{\376\377\0001\000.\000\040\000T\000h\000e\000m\000a\000\040\000d\000e\000r\000\040\000P\000r\000o\000j\000e\000k\000t\000a\000r\000b\000e\000i\000t}{section.1.11}% 73
\BOOKMARK [2][-]{subsection.1.11.3}{\376\377\0002\000.\000\040\000G\000e\000p\000l\000a\000n\000t\000e\000r\000\040\000B\000e\000a\000r\000b\000e\000i\000t\000u\000n\000g\000s\000z\000e\000i\000t\000r\000a\000u\000m}{section.1.11}% 74
\BOOKMARK [2][-]{subsection.1.11.4}{\376\377\0003\000.\000\040\000A\000u\000s\000g\000a\000n\000g\000s\000s\000i\000t\000u\000a\000t\000i\000o\000n}{section.1.11}% 75
\BOOKMARK [2][-]{subsection.1.11.5}{\376\377\0004\000.\000\040\000P\000r\000o\000j\000e\000k\000t\000z\000i\000e\000l}{section.1.11}% 76
\BOOKMARK [2][-]{subsection.1.11.6}{\376\377\0005\000.\000\040\000Z\000e\000i\000t\000p\000l\000a\000n\000u\000n\000g}{section.1.11}% 77
\BOOKMARK [2][-]{subsection.1.11.7}{\376\377\0006\000.\000\040\000A\000n\000l\000a\000g\000e\000n}{section.1.11}% 78
\BOOKMARK [2][-]{subsection.1.11.8}{\376\377\0007\000.\000\040\000P\000r\000\344\000s\000e\000n\000t\000a\000t\000i\000o\000n\000s\000m\000i\000t\000t\000e\000l}{section.1.11}% 79
\BOOKMARK [2][-]{subsection.1.11.9}{\376\377\0008\000.\000\040\000H\000i\000n\000w\000e\000i\000s}{section.1.11}% 80
\BOOKMARK [0][-]{section*.56}{\376\377\000P\000y\000t\000h\000o\000n\000-\000M\000o\000d\000u\000l\000i\000n\000d\000e\000x}{}% 81
\BOOKMARK [0][-]{section*.57}{\376\377\000S\000t\000i\000c\000h\000w\000o\000r\000t\000v\000e\000r\000z\000e\000i\000c\000h\000n\000i\000s}{}% 82
